2021-10-12 09:08:26 INFO c.q.t.m.common.CenterResource:52- notFetchFromCenterRepository:true
2021-10-12 09:08:26 INFO c.q.t.e.init.InitReactorRunner:85- Started initialization
2021-10-12 09:08:26 INFO c.q.t.e.init.InitReactorRunner:85- Attained Listing up plugins
2021-10-12 09:08:26 INFO c.q.t.e.init.InitReactorRunner:85- Attained null
2021-10-12 09:08:26 INFO c.q.t.e.init.InitReactorRunner:85- Attained null
2021-10-12 09:08:26 INFO c.q.t.e.init.InitReactorRunner:85- Attained Preparing plugins
2021-10-12 09:08:26 INFO c.q.t.e.init.InitReactorRunner:85- Attained Inspecting plugin /opt/data/tis/libs/plugins/tis-aliyun-hdfs-plugin.tpi
2021-10-12 09:08:26 INFO c.q.t.e.init.InitReactorRunner:85- Attained Inspecting plugin /opt/data/tis/libs/plugins/tis-ds-mysql-plugin.tpi
2021-10-12 09:08:26 INFO c.q.t.e.init.InitReactorRunner:85- Attained Inspecting plugin /opt/data/tis/libs/plugins/tis-datax-ftp-plugin.tpi
2021-10-12 09:08:26 INFO c.q.t.e.init.InitReactorRunner:85- Attained Inspecting plugin /opt/data/tis/libs/plugins/tis-kafka-plugin.tpi
2021-10-12 09:08:26 INFO c.q.t.e.init.InitReactorRunner:85- Attained Inspecting plugin /opt/data/tis/libs/plugins/tis-asyncmsg-rocketmq-plugin.tpi
2021-10-12 09:08:26 INFO c.q.t.e.init.InitReactorRunner:85- Attained Inspecting plugin /opt/data/tis/libs/plugins/tis-datax-sqlserver-plugin.tpi
2021-10-12 09:08:26 INFO c.q.t.e.init.InitReactorRunner:85- Attained Inspecting plugin /opt/data/tis/libs/plugins/tis-datax-doris-plugin.tpi
2021-10-12 09:08:26 INFO c.q.t.e.init.InitReactorRunner:85- Attained Inspecting plugin /opt/data/tis/libs/plugins/tis-datax-common-plugin.tpi
2021-10-12 09:08:26 INFO c.q.t.e.init.InitReactorRunner:85- Attained Inspecting plugin /opt/data/tis/libs/plugins/tis-solr-plugin.tpi
2021-10-12 09:08:26 INFO c.q.t.e.init.InitReactorRunner:85- Attained Inspecting plugin /opt/data/tis/libs/plugins/tis-ds-tidb-plugin.tpi
2021-10-12 09:08:26 INFO c.q.t.e.init.InitReactorRunner:85- Attained Inspecting plugin /opt/data/tis/libs/plugins/tis-datax-postgresql-plugin.tpi
2021-10-12 09:08:26 INFO c.q.t.e.init.InitReactorRunner:85- Attained Inspecting plugin /opt/data/tis/libs/plugins/tis-hive-flat-table-builder-plugin.tpi
2021-10-12 09:08:26 INFO c.q.t.e.init.InitReactorRunner:85- Attained Inspecting plugin /opt/data/tis/libs/plugins/tis-local-dump-build.tpi
2021-10-12 09:08:26 INFO c.q.t.e.init.InitReactorRunner:85- Attained Inspecting plugin /opt/data/tis/libs/plugins/tis-datax-mongodb-plugin.tpi
2021-10-12 09:08:26 INFO c.q.t.e.init.InitReactorRunner:85- Attained Inspecting plugin /opt/data/tis/libs/plugins/tis-datax-oracle-plugin.tpi
2021-10-12 09:08:27 INFO c.q.t.e.init.InitReactorRunner:85- Attained Inspecting plugin /opt/data/tis/libs/plugins/tis-elasticsearch7-sink-plugin.tpi
2021-10-12 09:08:27 INFO c.q.t.e.init.InitReactorRunner:85- Attained Inspecting plugin /opt/data/tis/libs/plugins/tis-ds-mysql-v8-plugin.tpi
2021-10-12 09:08:27 INFO c.q.t.e.init.InitReactorRunner:85- Attained Inspecting plugin /opt/data/tis/libs/plugins/tis-k8s-plugin.tpi
2021-10-12 09:08:27 INFO c.q.t.e.init.InitReactorRunner:85- Attained Inspecting plugin /opt/data/tis/libs/plugins/tis-datax-elasticsearch-plugin.tpi
2021-10-12 09:08:27 INFO c.q.t.e.init.InitReactorRunner:85- Attained Inspecting plugin /opt/data/tis/libs/plugins/tis-datax-oss-plugin.tpi
2021-10-12 09:08:27 INFO c.q.t.e.init.InitReactorRunner:85- Attained Inspecting plugin /opt/data/tis/libs/plugins/tis-datax-cassandra-plugin.tpi
2021-10-12 09:08:27 INFO c.q.t.e.init.InitReactorRunner:85- Attained Inspecting plugin /opt/data/tis/libs/plugins/tis-ds-mysql-v5-plugin.tpi
2021-10-12 09:08:27 INFO c.q.t.e.init.InitReactorRunner:85- Attained Inspecting plugin /opt/data/tis/libs/plugins/tis-datax-clickhouse-plugin.tpi
2021-10-12 09:08:27 INFO c.q.t.e.init.InitReactorRunner:85- Attained Inspecting plugin /opt/data/tis/libs/plugins/tis-flink-cdc-plugin.tpi
2021-10-12 09:08:27 INFO c.q.t.e.init.InitReactorRunner:85- Attained Inspecting plugin /opt/data/tis/libs/plugins/tis-realtime-flink.tpi
2021-10-12 09:08:27 INFO c.q.t.e.init.InitReactorRunner:85- Attained Inspecting plugin /opt/data/tis/libs/plugins/tis-datax-common-rdbms-plugin.tpi
2021-10-12 09:08:27 INFO c.q.tis.extension.PluginManager:341- Ignoring /opt/data/tis/libs/plugins/tis-aliyun-hdfs-plugin.tpi because /opt/data/tis/libs/plugins/tis-aliyun-hdfs-plugin.tpi is already loaded
2021-10-12 09:08:27 INFO c.q.t.e.init.InitReactorRunner:85- Attained Inspecting plugin /opt/data/tis/libs/plugins/tis-aliyun-hdfs-plugin.tpi
2021-10-12 09:08:27 INFO c.q.tis.extension.PluginManager:341- Ignoring /opt/data/tis/libs/plugins/tis-ds-mysql-plugin.tpi because /opt/data/tis/libs/plugins/tis-ds-mysql-plugin.tpi is already loaded
2021-10-12 09:08:27 INFO c.q.t.e.init.InitReactorRunner:85- Attained Inspecting plugin /opt/data/tis/libs/plugins/tis-ds-mysql-plugin.tpi
2021-10-12 09:08:27 INFO c.q.tis.extension.PluginManager:341- Ignoring /opt/data/tis/libs/plugins/tis-datax-ftp-plugin.tpi because /opt/data/tis/libs/plugins/tis-datax-ftp-plugin.tpi is already loaded
2021-10-12 09:08:27 INFO c.q.t.e.init.InitReactorRunner:85- Attained Inspecting plugin /opt/data/tis/libs/plugins/tis-datax-ftp-plugin.tpi
2021-10-12 09:08:27 INFO c.q.tis.extension.PluginManager:341- Ignoring /opt/data/tis/libs/plugins/tis-kafka-plugin.tpi because /opt/data/tis/libs/plugins/tis-kafka-plugin.tpi is already loaded
2021-10-12 09:08:27 INFO c.q.t.e.init.InitReactorRunner:85- Attained Inspecting plugin /opt/data/tis/libs/plugins/tis-kafka-plugin.tpi
2021-10-12 09:08:27 INFO c.q.tis.extension.PluginManager:341- Ignoring /opt/data/tis/libs/plugins/tis-asyncmsg-rocketmq-plugin.tpi because /opt/data/tis/libs/plugins/tis-asyncmsg-rocketmq-plugin.tpi is already loaded
2021-10-12 09:08:27 INFO c.q.t.e.init.InitReactorRunner:85- Attained Inspecting plugin /opt/data/tis/libs/plugins/tis-asyncmsg-rocketmq-plugin.tpi
2021-10-12 09:08:27 INFO c.q.tis.extension.PluginManager:341- Ignoring /opt/data/tis/libs/plugins/tis-datax-sqlserver-plugin.tpi because /opt/data/tis/libs/plugins/tis-datax-sqlserver-plugin.tpi is already loaded
2021-10-12 09:08:27 INFO c.q.t.e.init.InitReactorRunner:85- Attained Inspecting plugin /opt/data/tis/libs/plugins/tis-datax-sqlserver-plugin.tpi
2021-10-12 09:08:27 INFO c.q.tis.extension.PluginManager:341- Ignoring /opt/data/tis/libs/plugins/tis-datax-doris-plugin.tpi because /opt/data/tis/libs/plugins/tis-datax-doris-plugin.tpi is already loaded
2021-10-12 09:08:27 INFO c.q.t.e.init.InitReactorRunner:85- Attained Inspecting plugin /opt/data/tis/libs/plugins/tis-datax-doris-plugin.tpi
2021-10-12 09:08:27 INFO c.q.tis.extension.PluginManager:341- Ignoring /opt/data/tis/libs/plugins/tis-datax-common-plugin.tpi because /opt/data/tis/libs/plugins/tis-datax-common-plugin.tpi is already loaded
2021-10-12 09:08:27 INFO c.q.t.e.init.InitReactorRunner:85- Attained Inspecting plugin /opt/data/tis/libs/plugins/tis-datax-common-plugin.tpi
2021-10-12 09:08:27 INFO c.q.tis.extension.PluginManager:341- Ignoring /opt/data/tis/libs/plugins/tis-solr-plugin.tpi because /opt/data/tis/libs/plugins/tis-solr-plugin.tpi is already loaded
2021-10-12 09:08:27 INFO c.q.t.e.init.InitReactorRunner:85- Attained Inspecting plugin /opt/data/tis/libs/plugins/tis-solr-plugin.tpi
2021-10-12 09:08:27 INFO c.q.tis.extension.PluginManager:341- Ignoring /opt/data/tis/libs/plugins/tis-ds-tidb-plugin.tpi because /opt/data/tis/libs/plugins/tis-ds-tidb-plugin.tpi is already loaded
2021-10-12 09:08:27 INFO c.q.t.e.init.InitReactorRunner:85- Attained Inspecting plugin /opt/data/tis/libs/plugins/tis-ds-tidb-plugin.tpi
2021-10-12 09:08:27 INFO c.q.tis.extension.PluginManager:341- Ignoring /opt/data/tis/libs/plugins/tis-datax-postgresql-plugin.tpi because /opt/data/tis/libs/plugins/tis-datax-postgresql-plugin.tpi is already loaded
2021-10-12 09:08:27 INFO c.q.t.e.init.InitReactorRunner:85- Attained Inspecting plugin /opt/data/tis/libs/plugins/tis-datax-postgresql-plugin.tpi
2021-10-12 09:08:27 INFO c.q.tis.extension.PluginManager:341- Ignoring /opt/data/tis/libs/plugins/tis-hive-flat-table-builder-plugin.tpi because /opt/data/tis/libs/plugins/tis-hive-flat-table-builder-plugin.tpi is already loaded
2021-10-12 09:08:27 INFO c.q.t.e.init.InitReactorRunner:85- Attained Inspecting plugin /opt/data/tis/libs/plugins/tis-hive-flat-table-builder-plugin.tpi
2021-10-12 09:08:27 INFO c.q.tis.extension.PluginManager:341- Ignoring /opt/data/tis/libs/plugins/tis-local-dump-build.tpi because /opt/data/tis/libs/plugins/tis-local-dump-build.tpi is already loaded
2021-10-12 09:08:27 INFO c.q.t.e.init.InitReactorRunner:85- Attained Inspecting plugin /opt/data/tis/libs/plugins/tis-local-dump-build.tpi
2021-10-12 09:08:27 INFO c.q.tis.extension.PluginManager:341- Ignoring /opt/data/tis/libs/plugins/tis-datax-mongodb-plugin.tpi because /opt/data/tis/libs/plugins/tis-datax-mongodb-plugin.tpi is already loaded
2021-10-12 09:08:27 INFO c.q.t.e.init.InitReactorRunner:85- Attained Inspecting plugin /opt/data/tis/libs/plugins/tis-datax-mongodb-plugin.tpi
2021-10-12 09:08:27 INFO c.q.tis.extension.PluginManager:341- Ignoring /opt/data/tis/libs/plugins/tis-datax-oracle-plugin.tpi because /opt/data/tis/libs/plugins/tis-datax-oracle-plugin.tpi is already loaded
2021-10-12 09:08:27 INFO c.q.t.e.init.InitReactorRunner:85- Attained Inspecting plugin /opt/data/tis/libs/plugins/tis-datax-oracle-plugin.tpi
2021-10-12 09:08:27 INFO c.q.tis.extension.PluginManager:341- Ignoring /opt/data/tis/libs/plugins/tis-elasticsearch7-sink-plugin.tpi because /opt/data/tis/libs/plugins/tis-elasticsearch7-sink-plugin.tpi is already loaded
2021-10-12 09:08:27 INFO c.q.t.e.init.InitReactorRunner:85- Attained Inspecting plugin /opt/data/tis/libs/plugins/tis-elasticsearch7-sink-plugin.tpi
2021-10-12 09:08:27 INFO c.q.tis.extension.PluginManager:341- Ignoring /opt/data/tis/libs/plugins/tis-ds-mysql-v8-plugin.tpi because /opt/data/tis/libs/plugins/tis-ds-mysql-v8-plugin.tpi is already loaded
2021-10-12 09:08:27 INFO c.q.t.e.init.InitReactorRunner:85- Attained Inspecting plugin /opt/data/tis/libs/plugins/tis-ds-mysql-v8-plugin.tpi
2021-10-12 09:08:27 INFO c.q.tis.extension.PluginManager:341- Ignoring /opt/data/tis/libs/plugins/tis-k8s-plugin.tpi because /opt/data/tis/libs/plugins/tis-k8s-plugin.tpi is already loaded
2021-10-12 09:08:27 INFO c.q.t.e.init.InitReactorRunner:85- Attained Inspecting plugin /opt/data/tis/libs/plugins/tis-k8s-plugin.tpi
2021-10-12 09:08:27 INFO c.q.tis.extension.PluginManager:341- Ignoring /opt/data/tis/libs/plugins/tis-datax-elasticsearch-plugin.tpi because /opt/data/tis/libs/plugins/tis-datax-elasticsearch-plugin.tpi is already loaded
2021-10-12 09:08:27 INFO c.q.t.e.init.InitReactorRunner:85- Attained Inspecting plugin /opt/data/tis/libs/plugins/tis-datax-elasticsearch-plugin.tpi
2021-10-12 09:08:27 INFO c.q.tis.extension.PluginManager:341- Ignoring /opt/data/tis/libs/plugins/tis-datax-oss-plugin.tpi because /opt/data/tis/libs/plugins/tis-datax-oss-plugin.tpi is already loaded
2021-10-12 09:08:27 INFO c.q.t.e.init.InitReactorRunner:85- Attained Inspecting plugin /opt/data/tis/libs/plugins/tis-datax-oss-plugin.tpi
2021-10-12 09:08:27 INFO c.q.tis.extension.PluginManager:341- Ignoring /opt/data/tis/libs/plugins/tis-datax-cassandra-plugin.tpi because /opt/data/tis/libs/plugins/tis-datax-cassandra-plugin.tpi is already loaded
2021-10-12 09:08:27 INFO c.q.t.e.init.InitReactorRunner:85- Attained Inspecting plugin /opt/data/tis/libs/plugins/tis-datax-cassandra-plugin.tpi
2021-10-12 09:08:27 INFO c.q.tis.extension.PluginManager:341- Ignoring /opt/data/tis/libs/plugins/tis-ds-mysql-v5-plugin.tpi because /opt/data/tis/libs/plugins/tis-ds-mysql-v5-plugin.tpi is already loaded
2021-10-12 09:08:27 INFO c.q.t.e.init.InitReactorRunner:85- Attained Inspecting plugin /opt/data/tis/libs/plugins/tis-ds-mysql-v5-plugin.tpi
2021-10-12 09:08:27 INFO c.q.tis.extension.PluginManager:341- Ignoring /opt/data/tis/libs/plugins/tis-datax-clickhouse-plugin.tpi because /opt/data/tis/libs/plugins/tis-datax-clickhouse-plugin.tpi is already loaded
2021-10-12 09:08:27 INFO c.q.t.e.init.InitReactorRunner:85- Attained Inspecting plugin /opt/data/tis/libs/plugins/tis-datax-clickhouse-plugin.tpi
2021-10-12 09:08:27 INFO c.q.tis.extension.PluginManager:341- Ignoring /opt/data/tis/libs/plugins/tis-flink-cdc-plugin.tpi because /opt/data/tis/libs/plugins/tis-flink-cdc-plugin.tpi is already loaded
2021-10-12 09:08:27 INFO c.q.t.e.init.InitReactorRunner:85- Attained Inspecting plugin /opt/data/tis/libs/plugins/tis-flink-cdc-plugin.tpi
2021-10-12 09:08:27 INFO c.q.tis.extension.PluginManager:341- Ignoring /opt/data/tis/libs/plugins/tis-realtime-flink.tpi because /opt/data/tis/libs/plugins/tis-realtime-flink.tpi is already loaded
2021-10-12 09:08:27 INFO c.q.t.e.init.InitReactorRunner:85- Attained Inspecting plugin /opt/data/tis/libs/plugins/tis-realtime-flink.tpi
2021-10-12 09:08:27 INFO c.q.tis.extension.PluginManager:341- Ignoring /opt/data/tis/libs/plugins/tis-datax-common-rdbms-plugin.tpi because /opt/data/tis/libs/plugins/tis-datax-common-rdbms-plugin.tpi is already loaded
2021-10-12 09:08:27 INFO c.q.t.e.init.InitReactorRunner:85- Attained Inspecting plugin /opt/data/tis/libs/plugins/tis-datax-common-rdbms-plugin.tpi
2021-10-12 09:08:27 INFO c.q.t.e.init.InitReactorRunner:85- Attained Checking cyclic dependencies
2021-10-12 09:08:27 INFO c.q.t.e.init.InitReactorRunner:85- Listed all plugins
2021-10-12 09:08:27 INFO c.q.t.e.init.InitReactorRunner:85- Attained null
2021-10-12 09:08:27 INFO c.q.t.e.init.InitReactorRunner:85- Attained null
2021-10-12 09:08:27 INFO c.q.t.e.init.InitReactorRunner:85- Attained Loading plugins
2021-10-12 09:08:27 INFO c.q.t.e.init.InitReactorRunner:85- Attained Loading plugin tis-aliyun-hdfs-plugin
2021-10-12 09:08:27 INFO c.q.t.e.init.InitReactorRunner:85- Attained Loading plugin tis-datax-common-plugin
2021-10-12 09:08:27 INFO c.q.t.e.init.InitReactorRunner:85- Attained Loading plugin tis-datax-common-rdbms-plugin
2021-10-12 09:08:27 INFO c.q.t.e.init.InitReactorRunner:85- Attained Loading plugin tis-ds-mysql-plugin
2021-10-12 09:08:27 INFO c.q.t.e.init.InitReactorRunner:85- Attained Loading plugin tis-datax-ftp-plugin
2021-10-12 09:08:27 INFO c.q.t.e.init.InitReactorRunner:85- Attained Loading plugin tis-kafka-plugin
2021-10-12 09:08:27 INFO c.q.t.e.init.InitReactorRunner:85- Attained Loading plugin tis-asyncmsg-rocketmq-plugin
2021-10-12 09:08:27 INFO c.q.t.e.init.InitReactorRunner:85- Attained Loading plugin tis-datax-sqlserver-plugin
2021-10-12 09:08:27 INFO c.q.t.e.init.InitReactorRunner:85- Attained Loading plugin tis-datax-doris-plugin
2021-10-12 09:08:27 INFO c.q.t.e.init.InitReactorRunner:85- Attained Loading plugin tis-solr-plugin
2021-10-12 09:08:27 INFO c.q.t.e.init.InitReactorRunner:85- Attained Loading plugin tis-ds-tidb-plugin
2021-10-12 09:08:27 INFO c.q.t.e.init.InitReactorRunner:85- Attained Loading plugin tis-datax-postgresql-plugin
2021-10-12 09:08:27 INFO c.q.t.e.init.InitReactorRunner:85- Attained Loading plugin tis-hive-flat-table-builder-plugin
2021-10-12 09:08:27 INFO c.q.t.e.init.InitReactorRunner:85- Attained Loading plugin tis-local-dump-build
2021-10-12 09:08:27 INFO c.q.t.e.init.InitReactorRunner:85- Attained Loading plugin tis-datax-mongodb-plugin
2021-10-12 09:08:27 INFO c.q.t.e.init.InitReactorRunner:85- Attained Loading plugin tis-datax-oracle-plugin
2021-10-12 09:08:27 INFO c.q.t.e.init.InitReactorRunner:85- Attained Loading plugin tis-datax-elasticsearch-plugin
2021-10-12 09:08:27 INFO c.q.t.e.init.InitReactorRunner:85- Attained Loading plugin tis-realtime-flink
2021-10-12 09:08:27 INFO c.q.t.e.init.InitReactorRunner:85- Attained Loading plugin tis-elasticsearch7-sink-plugin
2021-10-12 09:08:27 INFO c.q.t.e.init.InitReactorRunner:85- Attained Loading plugin tis-ds-mysql-v8-plugin
2021-10-12 09:08:27 INFO c.q.t.e.init.InitReactorRunner:85- Attained Loading plugin tis-k8s-plugin
2021-10-12 09:08:27 INFO c.q.t.e.init.InitReactorRunner:85- Attained Loading plugin tis-datax-oss-plugin
2021-10-12 09:08:27 INFO c.q.t.e.init.InitReactorRunner:85- Attained Loading plugin tis-datax-cassandra-plugin
2021-10-12 09:08:27 INFO c.q.t.e.init.InitReactorRunner:85- Attained Loading plugin tis-ds-mysql-v5-plugin
2021-10-12 09:08:27 INFO c.q.t.e.init.InitReactorRunner:85- Attained Loading plugin tis-datax-clickhouse-plugin
2021-10-12 09:08:27 INFO c.q.t.e.init.InitReactorRunner:85- Prepared all plugins
2021-10-12 09:08:27 INFO c.q.t.e.init.InitReactorRunner:85- Attained Loading plugin tis-flink-cdc-plugin
2021-10-12 09:08:27 INFO c.q.t.e.init.InitReactorRunner:85- Attained Resolving Dependant Plugins Graph
2021-10-12 09:08:27 INFO c.q.t.e.init.InitReactorRunner:85- Attained null
2021-10-12 09:08:27 INFO c.q.t.e.init.InitReactorRunner:85- Attained null
2021-10-12 09:08:27 INFO c.q.t.e.init.InitReactorRunner:85- Attained Initializing plugin tis-aliyun-hdfs-plugin
2021-10-12 09:08:27 INFO c.q.t.e.init.InitReactorRunner:85- Attained Initializing plugin tis-datax-common-plugin
2021-10-12 09:08:27 INFO c.q.t.e.init.InitReactorRunner:85- Attained Initializing plugin tis-datax-common-rdbms-plugin
2021-10-12 09:08:27 INFO c.q.t.e.init.InitReactorRunner:85- Attained Initializing plugin tis-ds-mysql-plugin
2021-10-12 09:08:27 INFO c.q.t.e.init.InitReactorRunner:85- Attained Initializing plugin tis-datax-ftp-plugin
2021-10-12 09:08:27 INFO c.q.t.e.init.InitReactorRunner:85- Attained Initializing plugin tis-kafka-plugin
2021-10-12 09:08:27 INFO c.q.t.e.init.InitReactorRunner:85- Attained Initializing plugin tis-asyncmsg-rocketmq-plugin
2021-10-12 09:08:27 INFO c.q.t.e.init.InitReactorRunner:85- Attained Initializing plugin tis-datax-sqlserver-plugin
2021-10-12 09:08:27 INFO c.q.t.e.init.InitReactorRunner:85- Attained Initializing plugin tis-datax-doris-plugin
2021-10-12 09:08:27 INFO c.q.t.e.init.InitReactorRunner:85- Attained Initializing plugin tis-solr-plugin
2021-10-12 09:08:27 INFO c.q.t.e.init.InitReactorRunner:85- Attained Initializing plugin tis-ds-tidb-plugin
2021-10-12 09:08:27 INFO c.q.t.e.init.InitReactorRunner:85- Attained Initializing plugin tis-datax-postgresql-plugin
2021-10-12 09:08:27 INFO c.q.t.e.init.InitReactorRunner:85- Attained Initializing plugin tis-hive-flat-table-builder-plugin
2021-10-12 09:08:27 INFO c.q.t.e.init.InitReactorRunner:85- Attained Initializing plugin tis-local-dump-build
2021-10-12 09:08:27 INFO c.q.t.e.init.InitReactorRunner:85- Attained Initializing plugin tis-datax-mongodb-plugin
2021-10-12 09:08:27 INFO c.q.t.e.init.InitReactorRunner:85- Attained Initializing plugin tis-datax-oracle-plugin
2021-10-12 09:08:27 INFO c.q.t.e.init.InitReactorRunner:85- Attained Initializing plugin tis-datax-elasticsearch-plugin
2021-10-12 09:08:27 INFO c.q.t.e.init.InitReactorRunner:85- Attained Initializing plugin tis-realtime-flink
2021-10-12 09:08:27 INFO c.q.t.e.init.InitReactorRunner:85- Attained Initializing plugin tis-elasticsearch7-sink-plugin
2021-10-12 09:08:27 INFO c.q.t.e.init.InitReactorRunner:85- Attained Initializing plugin tis-ds-mysql-v8-plugin
2021-10-12 09:08:27 INFO c.q.t.e.init.InitReactorRunner:85- Attained Initializing plugin tis-k8s-plugin
2021-10-12 09:08:27 INFO c.q.t.e.init.InitReactorRunner:85- Attained Initializing plugin tis-datax-oss-plugin
2021-10-12 09:08:27 INFO c.q.t.e.init.InitReactorRunner:85- Attained Initializing plugin tis-datax-cassandra-plugin
2021-10-12 09:08:27 INFO c.q.t.e.init.InitReactorRunner:85- Attained Initializing plugin tis-ds-mysql-v5-plugin
2021-10-12 09:08:27 INFO c.q.t.e.init.InitReactorRunner:85- Attained Initializing plugin tis-datax-clickhouse-plugin
2021-10-12 09:08:27 INFO c.q.t.e.init.InitReactorRunner:85- Attained Initializing plugin tis-flink-cdc-plugin
2021-10-12 09:08:27 INFO c.q.t.e.init.InitReactorRunner:85- Attained Load updateCenter
2021-10-12 09:08:27 INFO c.q.t.e.init.InitReactorRunner:85- Started all plugins
2021-10-12 09:08:27 INFO c.q.t.e.init.InitReactorRunner:85- Attained null
2021-10-12 09:08:27 INFO c.q.t.e.init.InitReactorRunner:85- Attained null
2021-10-12 09:08:27 INFO c.q.t.e.init.InitReactorRunner:85- Completed initialization
2021-10-12 09:08:27 INFO com.qlangtech.tis.TIS:314- tis plugin have been initialized,consume:870ms.
2021-10-12 09:08:27 INFO c.q.tis.plugin.ComponentMeta:132- download plugin from remote repository:
2021-10-12 09:08:27 INFO c.q.tis.plugin.ComponentMeta:132- download plugin from remote repository:
2021-10-12 09:08:27 INFO c.q.tis.plugin.ComponentMeta:132- download plugin from remote repository:
2021-10-12 09:10:09 INFO c.q.t.m.common.CenterResource:52- notFetchFromCenterRepository:true
2021-10-12 09:10:09 INFO c.q.t.e.init.InitReactorRunner:85- Started initialization
2021-10-12 09:10:09 INFO c.q.t.e.init.InitReactorRunner:85- Attained Listing up plugins
2021-10-12 09:10:09 INFO c.q.t.e.init.InitReactorRunner:85- Attained null
2021-10-12 09:10:09 INFO c.q.t.e.init.InitReactorRunner:85- Attained null
2021-10-12 09:10:09 INFO c.q.t.e.init.InitReactorRunner:85- Attained Preparing plugins
2021-10-12 09:10:09 INFO c.q.t.e.init.InitReactorRunner:85- Attained Inspecting plugin /opt/data/tis/libs/plugins/tis-aliyun-hdfs-plugin.tpi
2021-10-12 09:10:09 INFO c.q.t.e.init.InitReactorRunner:85- Attained Inspecting plugin /opt/data/tis/libs/plugins/tis-ds-mysql-plugin.tpi
2021-10-12 09:10:09 INFO c.q.t.e.init.InitReactorRunner:85- Attained Inspecting plugin /opt/data/tis/libs/plugins/tis-datax-ftp-plugin.tpi
2021-10-12 09:10:09 INFO c.q.t.e.init.InitReactorRunner:85- Attained Inspecting plugin /opt/data/tis/libs/plugins/tis-kafka-plugin.tpi
2021-10-12 09:10:09 INFO c.q.t.e.init.InitReactorRunner:85- Attained Inspecting plugin /opt/data/tis/libs/plugins/tis-asyncmsg-rocketmq-plugin.tpi
2021-10-12 09:10:09 INFO c.q.t.e.init.InitReactorRunner:85- Attained Inspecting plugin /opt/data/tis/libs/plugins/tis-datax-sqlserver-plugin.tpi
2021-10-12 09:10:09 INFO c.q.t.e.init.InitReactorRunner:85- Attained Inspecting plugin /opt/data/tis/libs/plugins/tis-datax-doris-plugin.tpi
2021-10-12 09:10:09 INFO c.q.t.e.init.InitReactorRunner:85- Attained Inspecting plugin /opt/data/tis/libs/plugins/tis-datax-common-plugin.tpi
2021-10-12 09:10:09 INFO c.q.t.e.init.InitReactorRunner:85- Attained Inspecting plugin /opt/data/tis/libs/plugins/tis-solr-plugin.tpi
2021-10-12 09:10:09 INFO c.q.t.e.init.InitReactorRunner:85- Attained Inspecting plugin /opt/data/tis/libs/plugins/tis-ds-tidb-plugin.tpi
2021-10-12 09:10:09 INFO c.q.t.e.init.InitReactorRunner:85- Attained Inspecting plugin /opt/data/tis/libs/plugins/tis-datax-postgresql-plugin.tpi
2021-10-12 09:10:09 INFO c.q.t.e.init.InitReactorRunner:85- Attained Inspecting plugin /opt/data/tis/libs/plugins/tis-hive-flat-table-builder-plugin.tpi
2021-10-12 09:10:09 INFO c.q.t.e.init.InitReactorRunner:85- Attained Inspecting plugin /opt/data/tis/libs/plugins/tis-local-dump-build.tpi
2021-10-12 09:10:09 INFO c.q.t.e.init.InitReactorRunner:85- Attained Inspecting plugin /opt/data/tis/libs/plugins/tis-datax-mongodb-plugin.tpi
2021-10-12 09:10:09 INFO c.q.t.e.init.InitReactorRunner:85- Attained Inspecting plugin /opt/data/tis/libs/plugins/tis-datax-oracle-plugin.tpi
2021-10-12 09:10:09 INFO c.q.t.e.i.ClassicPluginStrategy:404- start to explode archive:/opt/data/tis/libs/plugins/tis-elasticsearch7-sink-plugin.tpi
2021-10-12 09:10:09 ERROR c.q.t.e.init.InitReactorRunner:74- Failed Inspecting plugin /opt/data/tis/libs/plugins/tis-elasticsearch7-sink-plugin.tpi
java.io.IOException: Failed to expand /opt/data/tis/libs/plugins/tis-elasticsearch7-sink-plugin.tpi
	at com.qlangtech.tis.extension.impl.ClassicPluginStrategy.explode(ClassicPluginStrategy.java:412) ~[tis-plugin-3.0.0.jar:na]
	at com.qlangtech.tis.extension.impl.ClassicPluginStrategy.createPluginWrapper(ClassicPluginStrategy.java:144) ~[tis-plugin-3.0.0.jar:na]
	at com.qlangtech.tis.extension.PluginManager$3$2$1.run(PluginManager.java:323) ~[tis-plugin-3.0.0.jar:na]
	at org.jvnet.hudson.reactor.TaskGraphBuilder$TaskImpl.run(TaskGraphBuilder.java:169) ~[task-reactor-1.5.jar:na]
	at org.jvnet.hudson.reactor.Reactor.runTask(Reactor.java:296) ~[task-reactor-1.5.jar:na]
	at com.qlangtech.tis.TIS$6.runTask(TIS.java:370) ~[tis-plugin-3.0.0.jar:na]
	at org.jvnet.hudson.reactor.Reactor$2.run(Reactor.java:214) ~[task-reactor-1.5.jar:na]
	at org.jvnet.hudson.reactor.Reactor$Node.run(Reactor.java:117) ~[task-reactor-1.5.jar:na]
	at java.util.concurrent.ThreadPoolExecutor.runWorker(ThreadPoolExecutor.java:1149) ~[na:1.8.0_181]
	at java.util.concurrent.ThreadPoolExecutor$Worker.run(ThreadPoolExecutor.java:624) ~[na:1.8.0_181]
	at java.lang.Thread.run(Thread.java:748) ~[na:1.8.0_181]
Caused by: org.apache.tools.ant.BuildException: src '/opt/data/tis/libs/plugins/tis-elasticsearch7-sink-plugin.tpi' doesn't exist.
	at org.apache.tools.ant.taskdefs.Expand.execute(Expand.java:148) ~[ant-1.9.15.jar:na]
	at com.qlangtech.tis.extension.impl.ClassicPluginStrategy.unzipExceptClasses(ClassicPluginStrategy.java:482) ~[tis-plugin-3.0.0.jar:na]
	at com.qlangtech.tis.extension.impl.ClassicPluginStrategy.explode(ClassicPluginStrategy.java:409) ~[tis-plugin-3.0.0.jar:na]
	... 10 common frames omitted
2021-10-12 09:10:09 INFO c.q.t.e.init.InitReactorRunner:85- Attained Inspecting plugin /opt/data/tis/libs/plugins/tis-elasticsearch7-sink-plugin.tpi
2021-10-12 09:10:09 INFO c.q.t.e.init.InitReactorRunner:85- Attained Inspecting plugin /opt/data/tis/libs/plugins/tis-ds-mysql-v8-plugin.tpi
2021-10-12 09:10:09 INFO c.q.t.e.init.InitReactorRunner:85- Attained Inspecting plugin /opt/data/tis/libs/plugins/tis-k8s-plugin.tpi
2021-10-12 09:10:09 INFO c.q.t.e.init.InitReactorRunner:85- Attained Inspecting plugin /opt/data/tis/libs/plugins/tis-datax-elasticsearch-plugin.tpi
2021-10-12 09:10:09 INFO c.q.t.e.init.InitReactorRunner:85- Attained Inspecting plugin /opt/data/tis/libs/plugins/tis-datax-oss-plugin.tpi
2021-10-12 09:10:09 INFO c.q.t.e.init.InitReactorRunner:85- Attained Inspecting plugin /opt/data/tis/libs/plugins/tis-datax-cassandra-plugin.tpi
2021-10-12 09:10:09 INFO c.q.t.e.init.InitReactorRunner:85- Attained Inspecting plugin /opt/data/tis/libs/plugins/tis-ds-mysql-v5-plugin.tpi
2021-10-12 09:10:09 INFO c.q.t.e.init.InitReactorRunner:85- Attained Inspecting plugin /opt/data/tis/libs/plugins/tis-datax-clickhouse-plugin.tpi
2021-10-12 09:10:09 INFO c.q.t.e.i.ClassicPluginStrategy:404- start to explode archive:/opt/data/tis/libs/plugins/tis-flink-cdc-plugin.tpi
2021-10-12 09:10:09 ERROR c.q.t.e.init.InitReactorRunner:74- Failed Inspecting plugin /opt/data/tis/libs/plugins/tis-flink-cdc-plugin.tpi
java.io.IOException: Failed to expand /opt/data/tis/libs/plugins/tis-flink-cdc-plugin.tpi
	at com.qlangtech.tis.extension.impl.ClassicPluginStrategy.explode(ClassicPluginStrategy.java:412) ~[tis-plugin-3.0.0.jar:na]
	at com.qlangtech.tis.extension.impl.ClassicPluginStrategy.createPluginWrapper(ClassicPluginStrategy.java:144) ~[tis-plugin-3.0.0.jar:na]
	at com.qlangtech.tis.extension.PluginManager$3$2$1.run(PluginManager.java:323) ~[tis-plugin-3.0.0.jar:na]
	at org.jvnet.hudson.reactor.TaskGraphBuilder$TaskImpl.run(TaskGraphBuilder.java:169) ~[task-reactor-1.5.jar:na]
	at org.jvnet.hudson.reactor.Reactor.runTask(Reactor.java:296) ~[task-reactor-1.5.jar:na]
	at com.qlangtech.tis.TIS$6.runTask(TIS.java:370) ~[tis-plugin-3.0.0.jar:na]
	at org.jvnet.hudson.reactor.Reactor$2.run(Reactor.java:214) ~[task-reactor-1.5.jar:na]
	at org.jvnet.hudson.reactor.Reactor$Node.run(Reactor.java:117) ~[task-reactor-1.5.jar:na]
	at java.util.concurrent.ThreadPoolExecutor.runWorker(ThreadPoolExecutor.java:1149) ~[na:1.8.0_181]
	at java.util.concurrent.ThreadPoolExecutor$Worker.run(ThreadPoolExecutor.java:624) ~[na:1.8.0_181]
	at java.lang.Thread.run(Thread.java:748) ~[na:1.8.0_181]
Caused by: org.apache.tools.ant.BuildException: src '/opt/data/tis/libs/plugins/tis-flink-cdc-plugin.tpi' doesn't exist.
	at org.apache.tools.ant.taskdefs.Expand.execute(Expand.java:148) ~[ant-1.9.15.jar:na]
	at com.qlangtech.tis.extension.impl.ClassicPluginStrategy.unzipExceptClasses(ClassicPluginStrategy.java:482) ~[tis-plugin-3.0.0.jar:na]
	at com.qlangtech.tis.extension.impl.ClassicPluginStrategy.explode(ClassicPluginStrategy.java:409) ~[tis-plugin-3.0.0.jar:na]
	... 10 common frames omitted
2021-10-12 09:10:09 INFO c.q.t.e.init.InitReactorRunner:85- Attained Inspecting plugin /opt/data/tis/libs/plugins/tis-flink-cdc-plugin.tpi
2021-10-12 09:10:09 INFO c.q.t.e.i.ClassicPluginStrategy:404- start to explode archive:/opt/data/tis/libs/plugins/tis-realtime-flink.tpi
2021-10-12 09:10:09 ERROR c.q.t.e.init.InitReactorRunner:74- Failed Inspecting plugin /opt/data/tis/libs/plugins/tis-realtime-flink.tpi
java.io.IOException: Failed to expand /opt/data/tis/libs/plugins/tis-realtime-flink.tpi
	at com.qlangtech.tis.extension.impl.ClassicPluginStrategy.explode(ClassicPluginStrategy.java:412) ~[tis-plugin-3.0.0.jar:na]
	at com.qlangtech.tis.extension.impl.ClassicPluginStrategy.createPluginWrapper(ClassicPluginStrategy.java:144) ~[tis-plugin-3.0.0.jar:na]
	at com.qlangtech.tis.extension.PluginManager$3$2$1.run(PluginManager.java:323) ~[tis-plugin-3.0.0.jar:na]
	at org.jvnet.hudson.reactor.TaskGraphBuilder$TaskImpl.run(TaskGraphBuilder.java:169) ~[task-reactor-1.5.jar:na]
	at org.jvnet.hudson.reactor.Reactor.runTask(Reactor.java:296) ~[task-reactor-1.5.jar:na]
	at com.qlangtech.tis.TIS$6.runTask(TIS.java:370) ~[tis-plugin-3.0.0.jar:na]
	at org.jvnet.hudson.reactor.Reactor$2.run(Reactor.java:214) ~[task-reactor-1.5.jar:na]
	at org.jvnet.hudson.reactor.Reactor$Node.run(Reactor.java:117) ~[task-reactor-1.5.jar:na]
	at java.util.concurrent.ThreadPoolExecutor.runWorker(ThreadPoolExecutor.java:1149) ~[na:1.8.0_181]
	at java.util.concurrent.ThreadPoolExecutor$Worker.run(ThreadPoolExecutor.java:624) ~[na:1.8.0_181]
	at java.lang.Thread.run(Thread.java:748) ~[na:1.8.0_181]
Caused by: org.apache.tools.ant.BuildException: src '/opt/data/tis/libs/plugins/tis-realtime-flink.tpi' doesn't exist.
	at org.apache.tools.ant.taskdefs.Expand.execute(Expand.java:148) ~[ant-1.9.15.jar:na]
	at com.qlangtech.tis.extension.impl.ClassicPluginStrategy.unzipExceptClasses(ClassicPluginStrategy.java:482) ~[tis-plugin-3.0.0.jar:na]
	at com.qlangtech.tis.extension.impl.ClassicPluginStrategy.explode(ClassicPluginStrategy.java:409) ~[tis-plugin-3.0.0.jar:na]
	... 10 common frames omitted
2021-10-12 09:10:09 INFO c.q.t.e.init.InitReactorRunner:85- Attained Inspecting plugin /opt/data/tis/libs/plugins/tis-realtime-flink.tpi
2021-10-12 09:10:09 INFO c.q.t.e.init.InitReactorRunner:85- Attained Inspecting plugin /opt/data/tis/libs/plugins/tis-datax-common-rdbms-plugin.tpi
2021-10-12 09:10:09 INFO c.q.tis.extension.PluginManager:341- Ignoring /opt/data/tis/libs/plugins/tis-aliyun-hdfs-plugin.tpi because /opt/data/tis/libs/plugins/tis-aliyun-hdfs-plugin.tpi is already loaded
2021-10-12 09:10:09 INFO c.q.t.e.init.InitReactorRunner:85- Attained Inspecting plugin /opt/data/tis/libs/plugins/tis-aliyun-hdfs-plugin.tpi
2021-10-12 09:10:09 INFO c.q.tis.extension.PluginManager:341- Ignoring /opt/data/tis/libs/plugins/tis-ds-mysql-plugin.tpi because /opt/data/tis/libs/plugins/tis-ds-mysql-plugin.tpi is already loaded
2021-10-12 09:10:09 INFO c.q.t.e.init.InitReactorRunner:85- Attained Inspecting plugin /opt/data/tis/libs/plugins/tis-ds-mysql-plugin.tpi
2021-10-12 09:10:09 INFO c.q.tis.extension.PluginManager:341- Ignoring /opt/data/tis/libs/plugins/tis-datax-ftp-plugin.tpi because /opt/data/tis/libs/plugins/tis-datax-ftp-plugin.tpi is already loaded
2021-10-12 09:10:09 INFO c.q.t.e.init.InitReactorRunner:85- Attained Inspecting plugin /opt/data/tis/libs/plugins/tis-datax-ftp-plugin.tpi
2021-10-12 09:10:09 INFO c.q.tis.extension.PluginManager:341- Ignoring /opt/data/tis/libs/plugins/tis-kafka-plugin.tpi because /opt/data/tis/libs/plugins/tis-kafka-plugin.tpi is already loaded
2021-10-12 09:10:09 INFO c.q.t.e.init.InitReactorRunner:85- Attained Inspecting plugin /opt/data/tis/libs/plugins/tis-kafka-plugin.tpi
2021-10-12 09:10:09 INFO c.q.tis.extension.PluginManager:341- Ignoring /opt/data/tis/libs/plugins/tis-asyncmsg-rocketmq-plugin.tpi because /opt/data/tis/libs/plugins/tis-asyncmsg-rocketmq-plugin.tpi is already loaded
2021-10-12 09:10:09 INFO c.q.t.e.init.InitReactorRunner:85- Attained Inspecting plugin /opt/data/tis/libs/plugins/tis-asyncmsg-rocketmq-plugin.tpi
2021-10-12 09:10:09 INFO c.q.tis.extension.PluginManager:341- Ignoring /opt/data/tis/libs/plugins/tis-datax-sqlserver-plugin.tpi because /opt/data/tis/libs/plugins/tis-datax-sqlserver-plugin.tpi is already loaded
2021-10-12 09:10:09 INFO c.q.t.e.init.InitReactorRunner:85- Attained Inspecting plugin /opt/data/tis/libs/plugins/tis-datax-sqlserver-plugin.tpi
2021-10-12 09:10:09 INFO c.q.tis.extension.PluginManager:341- Ignoring /opt/data/tis/libs/plugins/tis-datax-doris-plugin.tpi because /opt/data/tis/libs/plugins/tis-datax-doris-plugin.tpi is already loaded
2021-10-12 09:10:09 INFO c.q.t.e.init.InitReactorRunner:85- Attained Inspecting plugin /opt/data/tis/libs/plugins/tis-datax-doris-plugin.tpi
2021-10-12 09:10:09 INFO c.q.tis.extension.PluginManager:341- Ignoring /opt/data/tis/libs/plugins/tis-datax-common-plugin.tpi because /opt/data/tis/libs/plugins/tis-datax-common-plugin.tpi is already loaded
2021-10-12 09:10:09 INFO c.q.t.e.init.InitReactorRunner:85- Attained Inspecting plugin /opt/data/tis/libs/plugins/tis-datax-common-plugin.tpi
2021-10-12 09:10:09 INFO c.q.tis.extension.PluginManager:341- Ignoring /opt/data/tis/libs/plugins/tis-solr-plugin.tpi because /opt/data/tis/libs/plugins/tis-solr-plugin.tpi is already loaded
2021-10-12 09:10:09 INFO c.q.t.e.init.InitReactorRunner:85- Attained Inspecting plugin /opt/data/tis/libs/plugins/tis-solr-plugin.tpi
2021-10-12 09:10:09 INFO c.q.tis.extension.PluginManager:341- Ignoring /opt/data/tis/libs/plugins/tis-ds-tidb-plugin.tpi because /opt/data/tis/libs/plugins/tis-ds-tidb-plugin.tpi is already loaded
2021-10-12 09:10:09 INFO c.q.t.e.init.InitReactorRunner:85- Attained Inspecting plugin /opt/data/tis/libs/plugins/tis-ds-tidb-plugin.tpi
2021-10-12 09:10:09 INFO c.q.tis.extension.PluginManager:341- Ignoring /opt/data/tis/libs/plugins/tis-datax-postgresql-plugin.tpi because /opt/data/tis/libs/plugins/tis-datax-postgresql-plugin.tpi is already loaded
2021-10-12 09:10:09 INFO c.q.t.e.init.InitReactorRunner:85- Attained Inspecting plugin /opt/data/tis/libs/plugins/tis-datax-postgresql-plugin.tpi
2021-10-12 09:10:09 INFO c.q.tis.extension.PluginManager:341- Ignoring /opt/data/tis/libs/plugins/tis-hive-flat-table-builder-plugin.tpi because /opt/data/tis/libs/plugins/tis-hive-flat-table-builder-plugin.tpi is already loaded
2021-10-12 09:10:09 INFO c.q.t.e.init.InitReactorRunner:85- Attained Inspecting plugin /opt/data/tis/libs/plugins/tis-hive-flat-table-builder-plugin.tpi
2021-10-12 09:10:09 INFO c.q.tis.extension.PluginManager:341- Ignoring /opt/data/tis/libs/plugins/tis-local-dump-build.tpi because /opt/data/tis/libs/plugins/tis-local-dump-build.tpi is already loaded
2021-10-12 09:10:09 INFO c.q.t.e.init.InitReactorRunner:85- Attained Inspecting plugin /opt/data/tis/libs/plugins/tis-local-dump-build.tpi
2021-10-12 09:10:09 INFO c.q.tis.extension.PluginManager:341- Ignoring /opt/data/tis/libs/plugins/tis-datax-mongodb-plugin.tpi because /opt/data/tis/libs/plugins/tis-datax-mongodb-plugin.tpi is already loaded
2021-10-12 09:10:09 INFO c.q.t.e.init.InitReactorRunner:85- Attained Inspecting plugin /opt/data/tis/libs/plugins/tis-datax-mongodb-plugin.tpi
2021-10-12 09:10:09 INFO c.q.tis.extension.PluginManager:341- Ignoring /opt/data/tis/libs/plugins/tis-datax-oracle-plugin.tpi because /opt/data/tis/libs/plugins/tis-datax-oracle-plugin.tpi is already loaded
2021-10-12 09:10:09 INFO c.q.t.e.init.InitReactorRunner:85- Attained Inspecting plugin /opt/data/tis/libs/plugins/tis-datax-oracle-plugin.tpi
2021-10-12 09:10:09 INFO c.q.t.e.i.ClassicPluginStrategy:404- start to explode archive:/opt/data/tis/libs/plugins/tis-elasticsearch7-sink-plugin.tpi
2021-10-12 09:10:09 ERROR c.q.t.e.init.InitReactorRunner:74- Failed Inspecting plugin /opt/data/tis/libs/plugins/tis-elasticsearch7-sink-plugin.tpi
java.io.IOException: Failed to expand /opt/data/tis/libs/plugins/tis-elasticsearch7-sink-plugin.tpi
	at com.qlangtech.tis.extension.impl.ClassicPluginStrategy.explode(ClassicPluginStrategy.java:412) ~[tis-plugin-3.0.0.jar:na]
	at com.qlangtech.tis.extension.impl.ClassicPluginStrategy.createPluginWrapper(ClassicPluginStrategy.java:144) ~[tis-plugin-3.0.0.jar:na]
	at com.qlangtech.tis.extension.PluginManager$3$2$1.run(PluginManager.java:323) ~[tis-plugin-3.0.0.jar:na]
	at org.jvnet.hudson.reactor.TaskGraphBuilder$TaskImpl.run(TaskGraphBuilder.java:169) ~[task-reactor-1.5.jar:na]
	at org.jvnet.hudson.reactor.Reactor.runTask(Reactor.java:296) ~[task-reactor-1.5.jar:na]
	at com.qlangtech.tis.TIS$6.runTask(TIS.java:370) ~[tis-plugin-3.0.0.jar:na]
	at org.jvnet.hudson.reactor.Reactor$2.run(Reactor.java:214) ~[task-reactor-1.5.jar:na]
	at org.jvnet.hudson.reactor.Reactor$Node.run(Reactor.java:117) ~[task-reactor-1.5.jar:na]
	at java.util.concurrent.ThreadPoolExecutor.runWorker(ThreadPoolExecutor.java:1149) ~[na:1.8.0_181]
	at java.util.concurrent.ThreadPoolExecutor$Worker.run(ThreadPoolExecutor.java:624) ~[na:1.8.0_181]
	at java.lang.Thread.run(Thread.java:748) ~[na:1.8.0_181]
Caused by: org.apache.tools.ant.BuildException: src '/opt/data/tis/libs/plugins/tis-elasticsearch7-sink-plugin.tpi' doesn't exist.
	at org.apache.tools.ant.taskdefs.Expand.execute(Expand.java:148) ~[ant-1.9.15.jar:na]
	at com.qlangtech.tis.extension.impl.ClassicPluginStrategy.unzipExceptClasses(ClassicPluginStrategy.java:482) ~[tis-plugin-3.0.0.jar:na]
	at com.qlangtech.tis.extension.impl.ClassicPluginStrategy.explode(ClassicPluginStrategy.java:409) ~[tis-plugin-3.0.0.jar:na]
	... 10 common frames omitted
2021-10-12 09:10:09 INFO c.q.t.e.init.InitReactorRunner:85- Attained Inspecting plugin /opt/data/tis/libs/plugins/tis-elasticsearch7-sink-plugin.tpi
2021-10-12 09:10:09 INFO c.q.tis.extension.PluginManager:341- Ignoring /opt/data/tis/libs/plugins/tis-ds-mysql-v8-plugin.tpi because /opt/data/tis/libs/plugins/tis-ds-mysql-v8-plugin.tpi is already loaded
2021-10-12 09:10:09 INFO c.q.t.e.init.InitReactorRunner:85- Attained Inspecting plugin /opt/data/tis/libs/plugins/tis-ds-mysql-v8-plugin.tpi
2021-10-12 09:10:09 INFO c.q.tis.extension.PluginManager:341- Ignoring /opt/data/tis/libs/plugins/tis-k8s-plugin.tpi because /opt/data/tis/libs/plugins/tis-k8s-plugin.tpi is already loaded
2021-10-12 09:10:09 INFO c.q.t.e.init.InitReactorRunner:85- Attained Inspecting plugin /opt/data/tis/libs/plugins/tis-k8s-plugin.tpi
2021-10-12 09:10:09 INFO c.q.tis.extension.PluginManager:341- Ignoring /opt/data/tis/libs/plugins/tis-datax-elasticsearch-plugin.tpi because /opt/data/tis/libs/plugins/tis-datax-elasticsearch-plugin.tpi is already loaded
2021-10-12 09:10:09 INFO c.q.t.e.init.InitReactorRunner:85- Attained Inspecting plugin /opt/data/tis/libs/plugins/tis-datax-elasticsearch-plugin.tpi
2021-10-12 09:10:09 INFO c.q.tis.extension.PluginManager:341- Ignoring /opt/data/tis/libs/plugins/tis-datax-oss-plugin.tpi because /opt/data/tis/libs/plugins/tis-datax-oss-plugin.tpi is already loaded
2021-10-12 09:10:09 INFO c.q.t.e.init.InitReactorRunner:85- Attained Inspecting plugin /opt/data/tis/libs/plugins/tis-datax-oss-plugin.tpi
2021-10-12 09:10:09 INFO c.q.tis.extension.PluginManager:341- Ignoring /opt/data/tis/libs/plugins/tis-datax-cassandra-plugin.tpi because /opt/data/tis/libs/plugins/tis-datax-cassandra-plugin.tpi is already loaded
2021-10-12 09:10:09 INFO c.q.t.e.init.InitReactorRunner:85- Attained Inspecting plugin /opt/data/tis/libs/plugins/tis-datax-cassandra-plugin.tpi
2021-10-12 09:10:09 INFO c.q.tis.extension.PluginManager:341- Ignoring /opt/data/tis/libs/plugins/tis-ds-mysql-v5-plugin.tpi because /opt/data/tis/libs/plugins/tis-ds-mysql-v5-plugin.tpi is already loaded
2021-10-12 09:10:09 INFO c.q.t.e.init.InitReactorRunner:85- Attained Inspecting plugin /opt/data/tis/libs/plugins/tis-ds-mysql-v5-plugin.tpi
2021-10-12 09:10:09 INFO c.q.tis.extension.PluginManager:341- Ignoring /opt/data/tis/libs/plugins/tis-datax-clickhouse-plugin.tpi because /opt/data/tis/libs/plugins/tis-datax-clickhouse-plugin.tpi is already loaded
2021-10-12 09:10:09 INFO c.q.t.e.init.InitReactorRunner:85- Attained Inspecting plugin /opt/data/tis/libs/plugins/tis-datax-clickhouse-plugin.tpi
2021-10-12 09:10:09 INFO c.q.t.e.i.ClassicPluginStrategy:404- start to explode archive:/opt/data/tis/libs/plugins/tis-flink-cdc-plugin.tpi
2021-10-12 09:10:09 ERROR c.q.t.e.init.InitReactorRunner:74- Failed Inspecting plugin /opt/data/tis/libs/plugins/tis-flink-cdc-plugin.tpi
java.io.IOException: Failed to expand /opt/data/tis/libs/plugins/tis-flink-cdc-plugin.tpi
	at com.qlangtech.tis.extension.impl.ClassicPluginStrategy.explode(ClassicPluginStrategy.java:412) ~[tis-plugin-3.0.0.jar:na]
	at com.qlangtech.tis.extension.impl.ClassicPluginStrategy.createPluginWrapper(ClassicPluginStrategy.java:144) ~[tis-plugin-3.0.0.jar:na]
	at com.qlangtech.tis.extension.PluginManager$3$2$1.run(PluginManager.java:323) ~[tis-plugin-3.0.0.jar:na]
	at org.jvnet.hudson.reactor.TaskGraphBuilder$TaskImpl.run(TaskGraphBuilder.java:169) ~[task-reactor-1.5.jar:na]
	at org.jvnet.hudson.reactor.Reactor.runTask(Reactor.java:296) ~[task-reactor-1.5.jar:na]
	at com.qlangtech.tis.TIS$6.runTask(TIS.java:370) ~[tis-plugin-3.0.0.jar:na]
	at org.jvnet.hudson.reactor.Reactor$2.run(Reactor.java:214) ~[task-reactor-1.5.jar:na]
	at org.jvnet.hudson.reactor.Reactor$Node.run(Reactor.java:117) ~[task-reactor-1.5.jar:na]
	at java.util.concurrent.ThreadPoolExecutor.runWorker(ThreadPoolExecutor.java:1149) ~[na:1.8.0_181]
	at java.util.concurrent.ThreadPoolExecutor$Worker.run(ThreadPoolExecutor.java:624) ~[na:1.8.0_181]
	at java.lang.Thread.run(Thread.java:748) ~[na:1.8.0_181]
Caused by: org.apache.tools.ant.BuildException: src '/opt/data/tis/libs/plugins/tis-flink-cdc-plugin.tpi' doesn't exist.
	at org.apache.tools.ant.taskdefs.Expand.execute(Expand.java:148) ~[ant-1.9.15.jar:na]
	at com.qlangtech.tis.extension.impl.ClassicPluginStrategy.unzipExceptClasses(ClassicPluginStrategy.java:482) ~[tis-plugin-3.0.0.jar:na]
	at com.qlangtech.tis.extension.impl.ClassicPluginStrategy.explode(ClassicPluginStrategy.java:409) ~[tis-plugin-3.0.0.jar:na]
	... 10 common frames omitted
2021-10-12 09:10:09 INFO c.q.t.e.init.InitReactorRunner:85- Attained Inspecting plugin /opt/data/tis/libs/plugins/tis-flink-cdc-plugin.tpi
2021-10-12 09:10:09 INFO c.q.t.e.i.ClassicPluginStrategy:404- start to explode archive:/opt/data/tis/libs/plugins/tis-realtime-flink.tpi
2021-10-12 09:10:09 ERROR c.q.t.e.init.InitReactorRunner:74- Failed Inspecting plugin /opt/data/tis/libs/plugins/tis-realtime-flink.tpi
java.io.IOException: Failed to expand /opt/data/tis/libs/plugins/tis-realtime-flink.tpi
	at com.qlangtech.tis.extension.impl.ClassicPluginStrategy.explode(ClassicPluginStrategy.java:412) ~[tis-plugin-3.0.0.jar:na]
	at com.qlangtech.tis.extension.impl.ClassicPluginStrategy.createPluginWrapper(ClassicPluginStrategy.java:144) ~[tis-plugin-3.0.0.jar:na]
	at com.qlangtech.tis.extension.PluginManager$3$2$1.run(PluginManager.java:323) ~[tis-plugin-3.0.0.jar:na]
	at org.jvnet.hudson.reactor.TaskGraphBuilder$TaskImpl.run(TaskGraphBuilder.java:169) ~[task-reactor-1.5.jar:na]
	at org.jvnet.hudson.reactor.Reactor.runTask(Reactor.java:296) ~[task-reactor-1.5.jar:na]
	at com.qlangtech.tis.TIS$6.runTask(TIS.java:370) ~[tis-plugin-3.0.0.jar:na]
	at org.jvnet.hudson.reactor.Reactor$2.run(Reactor.java:214) ~[task-reactor-1.5.jar:na]
	at org.jvnet.hudson.reactor.Reactor$Node.run(Reactor.java:117) ~[task-reactor-1.5.jar:na]
	at java.util.concurrent.ThreadPoolExecutor.runWorker(ThreadPoolExecutor.java:1149) ~[na:1.8.0_181]
	at java.util.concurrent.ThreadPoolExecutor$Worker.run(ThreadPoolExecutor.java:624) ~[na:1.8.0_181]
	at java.lang.Thread.run(Thread.java:748) ~[na:1.8.0_181]
Caused by: org.apache.tools.ant.BuildException: src '/opt/data/tis/libs/plugins/tis-realtime-flink.tpi' doesn't exist.
	at org.apache.tools.ant.taskdefs.Expand.execute(Expand.java:148) ~[ant-1.9.15.jar:na]
	at com.qlangtech.tis.extension.impl.ClassicPluginStrategy.unzipExceptClasses(ClassicPluginStrategy.java:482) ~[tis-plugin-3.0.0.jar:na]
	at com.qlangtech.tis.extension.impl.ClassicPluginStrategy.explode(ClassicPluginStrategy.java:409) ~[tis-plugin-3.0.0.jar:na]
	... 10 common frames omitted
2021-10-12 09:10:09 INFO c.q.t.e.init.InitReactorRunner:85- Attained Inspecting plugin /opt/data/tis/libs/plugins/tis-realtime-flink.tpi
2021-10-12 09:10:09 INFO c.q.tis.extension.PluginManager:341- Ignoring /opt/data/tis/libs/plugins/tis-datax-common-rdbms-plugin.tpi because /opt/data/tis/libs/plugins/tis-datax-common-rdbms-plugin.tpi is already loaded
2021-10-12 09:10:09 INFO c.q.t.e.init.InitReactorRunner:85- Attained Inspecting plugin /opt/data/tis/libs/plugins/tis-datax-common-rdbms-plugin.tpi
2021-10-12 09:10:09 INFO c.q.t.e.init.InitReactorRunner:85- Attained Checking cyclic dependencies
2021-10-12 09:10:09 INFO c.q.t.e.init.InitReactorRunner:85- Listed all plugins
2021-10-12 09:10:09 INFO c.q.t.e.init.InitReactorRunner:85- Attained Loading plugins
2021-10-12 09:10:09 INFO c.q.t.e.init.InitReactorRunner:85- Attained null
2021-10-12 09:10:09 INFO c.q.t.e.init.InitReactorRunner:85- Attained null
2021-10-12 09:10:09 INFO c.q.t.e.init.InitReactorRunner:85- Attained Loading plugin tis-aliyun-hdfs-plugin
2021-10-12 09:10:09 INFO c.q.t.e.init.InitReactorRunner:85- Attained Loading plugin tis-datax-common-plugin
2021-10-12 09:10:09 INFO c.q.t.e.init.InitReactorRunner:85- Attained Loading plugin tis-datax-common-rdbms-plugin
2021-10-12 09:10:09 INFO c.q.t.e.init.InitReactorRunner:85- Attained Loading plugin tis-ds-mysql-plugin
2021-10-12 09:10:09 INFO c.q.t.e.init.InitReactorRunner:85- Attained Loading plugin tis-datax-ftp-plugin
2021-10-12 09:10:09 INFO c.q.t.e.init.InitReactorRunner:85- Attained Loading plugin tis-kafka-plugin
2021-10-12 09:10:09 INFO c.q.t.e.init.InitReactorRunner:85- Attained Loading plugin tis-asyncmsg-rocketmq-plugin
2021-10-12 09:10:09 INFO c.q.t.e.init.InitReactorRunner:85- Attained Loading plugin tis-datax-sqlserver-plugin
2021-10-12 09:10:09 INFO c.q.t.e.init.InitReactorRunner:85- Attained Loading plugin tis-datax-doris-plugin
2021-10-12 09:10:09 INFO c.q.t.e.init.InitReactorRunner:85- Attained Loading plugin tis-solr-plugin
2021-10-12 09:10:09 INFO c.q.t.e.init.InitReactorRunner:85- Attained Loading plugin tis-ds-tidb-plugin
2021-10-12 09:10:09 INFO c.q.t.e.init.InitReactorRunner:85- Attained Loading plugin tis-datax-postgresql-plugin
2021-10-12 09:10:09 INFO c.q.t.e.init.InitReactorRunner:85- Attained Loading plugin tis-hive-flat-table-builder-plugin
2021-10-12 09:10:09 INFO c.q.t.e.init.InitReactorRunner:85- Attained Loading plugin tis-local-dump-build
2021-10-12 09:10:09 INFO c.q.t.e.init.InitReactorRunner:85- Attained Loading plugin tis-datax-mongodb-plugin
2021-10-12 09:10:09 INFO c.q.t.e.init.InitReactorRunner:85- Attained Loading plugin tis-datax-oracle-plugin
2021-10-12 09:10:09 INFO c.q.t.e.init.InitReactorRunner:85- Attained Loading plugin tis-ds-mysql-v8-plugin
2021-10-12 09:10:09 INFO c.q.t.e.init.InitReactorRunner:85- Attained Loading plugin tis-k8s-plugin
2021-10-12 09:10:09 INFO c.q.t.e.init.InitReactorRunner:85- Attained Loading plugin tis-datax-elasticsearch-plugin
2021-10-12 09:10:09 INFO c.q.t.e.init.InitReactorRunner:85- Attained Loading plugin tis-datax-oss-plugin
2021-10-12 09:10:09 INFO c.q.t.e.init.InitReactorRunner:85- Attained Loading plugin tis-datax-cassandra-plugin
2021-10-12 09:10:09 INFO c.q.t.e.init.InitReactorRunner:85- Attained Loading plugin tis-ds-mysql-v5-plugin
2021-10-12 09:10:09 INFO c.q.t.e.init.InitReactorRunner:85- Attained Loading plugin tis-datax-clickhouse-plugin
2021-10-12 09:10:09 INFO c.q.t.e.init.InitReactorRunner:85- Prepared all plugins
2021-10-12 09:10:09 INFO c.q.t.e.init.InitReactorRunner:85- Attained Initializing plugin tis-aliyun-hdfs-plugin
2021-10-12 09:10:09 INFO c.q.t.e.init.InitReactorRunner:85- Attained Resolving Dependant Plugins Graph
2021-10-12 09:10:09 INFO c.q.t.e.init.InitReactorRunner:85- Attained null
2021-10-12 09:10:09 INFO c.q.t.e.init.InitReactorRunner:85- Attained null
2021-10-12 09:10:09 INFO c.q.t.e.init.InitReactorRunner:85- Attained Initializing plugin tis-datax-common-plugin
2021-10-12 09:10:09 INFO c.q.t.e.init.InitReactorRunner:85- Attained Initializing plugin tis-datax-common-rdbms-plugin
2021-10-12 09:10:09 INFO c.q.t.e.init.InitReactorRunner:85- Attained Initializing plugin tis-ds-mysql-plugin
2021-10-12 09:10:09 INFO c.q.t.e.init.InitReactorRunner:85- Attained Initializing plugin tis-datax-ftp-plugin
2021-10-12 09:10:09 INFO c.q.t.e.init.InitReactorRunner:85- Attained Initializing plugin tis-kafka-plugin
2021-10-12 09:10:09 INFO c.q.t.e.init.InitReactorRunner:85- Attained Initializing plugin tis-asyncmsg-rocketmq-plugin
2021-10-12 09:10:09 INFO c.q.t.e.init.InitReactorRunner:85- Attained Initializing plugin tis-datax-sqlserver-plugin
2021-10-12 09:10:09 INFO c.q.t.e.init.InitReactorRunner:85- Attained Initializing plugin tis-datax-doris-plugin
2021-10-12 09:10:09 INFO c.q.t.e.init.InitReactorRunner:85- Attained Initializing plugin tis-solr-plugin
2021-10-12 09:10:09 INFO c.q.t.e.init.InitReactorRunner:85- Attained Initializing plugin tis-ds-tidb-plugin
2021-10-12 09:10:09 INFO c.q.t.e.init.InitReactorRunner:85- Attained Initializing plugin tis-datax-postgresql-plugin
2021-10-12 09:10:09 INFO c.q.t.e.init.InitReactorRunner:85- Attained Initializing plugin tis-hive-flat-table-builder-plugin
2021-10-12 09:10:09 INFO c.q.t.e.init.InitReactorRunner:85- Attained Initializing plugin tis-local-dump-build
2021-10-12 09:10:09 INFO c.q.t.e.init.InitReactorRunner:85- Attained Initializing plugin tis-datax-mongodb-plugin
2021-10-12 09:10:09 INFO c.q.t.e.init.InitReactorRunner:85- Attained Initializing plugin tis-datax-oracle-plugin
2021-10-12 09:10:09 INFO c.q.t.e.init.InitReactorRunner:85- Attained Initializing plugin tis-ds-mysql-v8-plugin
2021-10-12 09:10:09 INFO c.q.t.e.init.InitReactorRunner:85- Attained Initializing plugin tis-k8s-plugin
2021-10-12 09:10:09 INFO c.q.t.e.init.InitReactorRunner:85- Attained Initializing plugin tis-datax-elasticsearch-plugin
2021-10-12 09:10:09 INFO c.q.t.e.init.InitReactorRunner:85- Attained Initializing plugin tis-datax-oss-plugin
2021-10-12 09:10:09 INFO c.q.t.e.init.InitReactorRunner:85- Attained Initializing plugin tis-datax-cassandra-plugin
2021-10-12 09:10:09 INFO c.q.t.e.init.InitReactorRunner:85- Attained Initializing plugin tis-ds-mysql-v5-plugin
2021-10-12 09:10:09 INFO c.q.t.e.init.InitReactorRunner:85- Attained Initializing plugin tis-datax-clickhouse-plugin
2021-10-12 09:10:09 INFO c.q.t.e.init.InitReactorRunner:85- Started all plugins
2021-10-12 09:10:09 INFO c.q.t.e.init.InitReactorRunner:85- Attained Load updateCenter
2021-10-12 09:10:09 INFO c.q.t.e.init.InitReactorRunner:85- Attained null
2021-10-12 09:10:09 INFO c.q.t.e.init.InitReactorRunner:85- Attained null
2021-10-12 09:10:09 INFO c.q.t.e.init.InitReactorRunner:85- Completed initialization
2021-10-12 09:10:09 INFO com.qlangtech.tis.TIS:314- tis plugin have been initialized,consume:632ms.
2021-10-12 09:10:09 INFO c.q.tis.plugin.ComponentMeta:132- download plugin from remote repository:
2021-10-12 09:11:52 INFO c.q.t.m.common.CenterResource:52- notFetchFromCenterRepository:true
2021-10-12 09:11:52 INFO c.q.t.e.init.InitReactorRunner:85- Started initialization
2021-10-12 09:11:52 INFO c.q.t.e.init.InitReactorRunner:85- Attained Listing up plugins
2021-10-12 09:11:52 INFO c.q.t.e.init.InitReactorRunner:85- Attained null
2021-10-12 09:11:52 INFO c.q.t.e.init.InitReactorRunner:85- Attained null
2021-10-12 09:11:52 INFO c.q.t.e.init.InitReactorRunner:85- Attained Preparing plugins
2021-10-12 09:11:52 INFO c.q.t.e.init.InitReactorRunner:85- Attained Inspecting plugin /opt/data/tis/libs/plugins/tis-aliyun-hdfs-plugin.tpi
2021-10-12 09:11:52 INFO c.q.t.e.init.InitReactorRunner:85- Attained Inspecting plugin /opt/data/tis/libs/plugins/tis-ds-mysql-plugin.tpi
2021-10-12 09:11:52 INFO c.q.t.e.init.InitReactorRunner:85- Attained Inspecting plugin /opt/data/tis/libs/plugins/tis-datax-ftp-plugin.tpi
2021-10-12 09:11:52 INFO c.q.t.e.init.InitReactorRunner:85- Attained Inspecting plugin /opt/data/tis/libs/plugins/tis-kafka-plugin.tpi
2021-10-12 09:11:52 INFO c.q.t.e.init.InitReactorRunner:85- Attained Inspecting plugin /opt/data/tis/libs/plugins/tis-asyncmsg-rocketmq-plugin.tpi
2021-10-12 09:11:52 INFO c.q.t.e.init.InitReactorRunner:85- Attained Inspecting plugin /opt/data/tis/libs/plugins/tis-datax-sqlserver-plugin.tpi
2021-10-12 09:11:52 INFO c.q.t.e.init.InitReactorRunner:85- Attained Inspecting plugin /opt/data/tis/libs/plugins/tis-datax-doris-plugin.tpi
2021-10-12 09:11:52 INFO c.q.t.e.init.InitReactorRunner:85- Attained Inspecting plugin /opt/data/tis/libs/plugins/tis-datax-common-plugin.tpi
2021-10-12 09:11:52 INFO c.q.t.e.init.InitReactorRunner:85- Attained Inspecting plugin /opt/data/tis/libs/plugins/tis-solr-plugin.tpi
2021-10-12 09:11:53 INFO c.q.t.e.init.InitReactorRunner:85- Attained Inspecting plugin /opt/data/tis/libs/plugins/tis-ds-tidb-plugin.tpi
2021-10-12 09:11:53 INFO c.q.t.e.init.InitReactorRunner:85- Attained Inspecting plugin /opt/data/tis/libs/plugins/tis-datax-postgresql-plugin.tpi
2021-10-12 09:11:53 INFO c.q.t.e.init.InitReactorRunner:85- Attained Inspecting plugin /opt/data/tis/libs/plugins/tis-hive-flat-table-builder-plugin.tpi
2021-10-12 09:11:53 INFO c.q.t.e.init.InitReactorRunner:85- Attained Inspecting plugin /opt/data/tis/libs/plugins/tis-local-dump-build.tpi
2021-10-12 09:11:53 INFO c.q.t.e.init.InitReactorRunner:85- Attained Inspecting plugin /opt/data/tis/libs/plugins/tis-datax-mongodb-plugin.tpi
2021-10-12 09:11:53 INFO c.q.t.e.init.InitReactorRunner:85- Attained Inspecting plugin /opt/data/tis/libs/plugins/tis-datax-oracle-plugin.tpi
2021-10-12 09:11:53 INFO c.q.t.e.i.ClassicPluginStrategy:404- start to explode archive:/opt/data/tis/libs/plugins/tis-elasticsearch7-sink-plugin.tpi
2021-10-12 09:11:54 INFO c.q.t.e.init.InitReactorRunner:85- Attained Inspecting plugin /opt/data/tis/libs/plugins/tis-elasticsearch7-sink-plugin.tpi
2021-10-12 09:11:54 INFO c.q.t.e.init.InitReactorRunner:85- Attained Inspecting plugin /opt/data/tis/libs/plugins/tis-ds-mysql-v8-plugin.tpi
2021-10-12 09:11:54 INFO c.q.t.e.init.InitReactorRunner:85- Attained Inspecting plugin /opt/data/tis/libs/plugins/tis-k8s-plugin.tpi
2021-10-12 09:11:54 INFO c.q.t.e.init.InitReactorRunner:85- Attained Inspecting plugin /opt/data/tis/libs/plugins/tis-datax-elasticsearch-plugin.tpi
2021-10-12 09:11:54 INFO c.q.t.e.init.InitReactorRunner:85- Attained Inspecting plugin /opt/data/tis/libs/plugins/tis-datax-oss-plugin.tpi
2021-10-12 09:11:54 INFO c.q.t.e.init.InitReactorRunner:85- Attained Inspecting plugin /opt/data/tis/libs/plugins/tis-datax-cassandra-plugin.tpi
2021-10-12 09:11:54 INFO c.q.t.e.init.InitReactorRunner:85- Attained Inspecting plugin /opt/data/tis/libs/plugins/tis-ds-mysql-v5-plugin.tpi
2021-10-12 09:11:54 INFO c.q.t.e.init.InitReactorRunner:85- Attained Inspecting plugin /opt/data/tis/libs/plugins/tis-datax-clickhouse-plugin.tpi
2021-10-12 09:11:54 INFO c.q.t.e.i.ClassicPluginStrategy:404- start to explode archive:/opt/data/tis/libs/plugins/tis-flink-cdc-plugin.tpi
2021-10-12 09:11:56 INFO c.q.t.e.init.InitReactorRunner:85- Attained Inspecting plugin /opt/data/tis/libs/plugins/tis-flink-cdc-plugin.tpi
2021-10-12 09:11:56 INFO c.q.t.e.i.ClassicPluginStrategy:404- start to explode archive:/opt/data/tis/libs/plugins/tis-realtime-flink.tpi
2021-10-12 09:11:56 ERROR c.q.t.e.init.InitReactorRunner:74- Failed Inspecting plugin /opt/data/tis/libs/plugins/tis-realtime-flink.tpi
java.io.IOException: Failed to expand /opt/data/tis/libs/plugins/tis-realtime-flink.tpi
	at com.qlangtech.tis.extension.impl.ClassicPluginStrategy.explode(ClassicPluginStrategy.java:412) ~[tis-plugin-3.0.0.jar:na]
	at com.qlangtech.tis.extension.impl.ClassicPluginStrategy.createPluginWrapper(ClassicPluginStrategy.java:144) ~[tis-plugin-3.0.0.jar:na]
	at com.qlangtech.tis.extension.PluginManager$3$2$1.run(PluginManager.java:323) ~[tis-plugin-3.0.0.jar:na]
	at org.jvnet.hudson.reactor.TaskGraphBuilder$TaskImpl.run(TaskGraphBuilder.java:169) ~[task-reactor-1.5.jar:na]
	at org.jvnet.hudson.reactor.Reactor.runTask(Reactor.java:296) ~[task-reactor-1.5.jar:na]
	at com.qlangtech.tis.TIS$6.runTask(TIS.java:370) ~[tis-plugin-3.0.0.jar:na]
	at org.jvnet.hudson.reactor.Reactor$2.run(Reactor.java:214) ~[task-reactor-1.5.jar:na]
	at org.jvnet.hudson.reactor.Reactor$Node.run(Reactor.java:117) ~[task-reactor-1.5.jar:na]
	at java.util.concurrent.ThreadPoolExecutor.runWorker(ThreadPoolExecutor.java:1149) ~[na:1.8.0_181]
	at java.util.concurrent.ThreadPoolExecutor$Worker.run(ThreadPoolExecutor.java:624) ~[na:1.8.0_181]
	at java.lang.Thread.run(Thread.java:748) ~[na:1.8.0_181]
Caused by: org.apache.tools.ant.BuildException: src '/opt/data/tis/libs/plugins/tis-realtime-flink.tpi' doesn't exist.
	at org.apache.tools.ant.taskdefs.Expand.execute(Expand.java:148) ~[ant-1.9.15.jar:na]
	at com.qlangtech.tis.extension.impl.ClassicPluginStrategy.unzipExceptClasses(ClassicPluginStrategy.java:482) ~[tis-plugin-3.0.0.jar:na]
	at com.qlangtech.tis.extension.impl.ClassicPluginStrategy.explode(ClassicPluginStrategy.java:409) ~[tis-plugin-3.0.0.jar:na]
	... 10 common frames omitted
2021-10-12 09:11:56 INFO c.q.t.e.init.InitReactorRunner:85- Attained Inspecting plugin /opt/data/tis/libs/plugins/tis-realtime-flink.tpi
2021-10-12 09:11:56 INFO c.q.t.e.init.InitReactorRunner:85- Attained Inspecting plugin /opt/data/tis/libs/plugins/tis-datax-common-rdbms-plugin.tpi
2021-10-12 09:11:56 INFO c.q.tis.extension.PluginManager:341- Ignoring /opt/data/tis/libs/plugins/tis-aliyun-hdfs-plugin.tpi because /opt/data/tis/libs/plugins/tis-aliyun-hdfs-plugin.tpi is already loaded
2021-10-12 09:11:56 INFO c.q.t.e.init.InitReactorRunner:85- Attained Inspecting plugin /opt/data/tis/libs/plugins/tis-aliyun-hdfs-plugin.tpi
2021-10-12 09:11:56 INFO c.q.tis.extension.PluginManager:341- Ignoring /opt/data/tis/libs/plugins/tis-ds-mysql-plugin.tpi because /opt/data/tis/libs/plugins/tis-ds-mysql-plugin.tpi is already loaded
2021-10-12 09:11:56 INFO c.q.t.e.init.InitReactorRunner:85- Attained Inspecting plugin /opt/data/tis/libs/plugins/tis-ds-mysql-plugin.tpi
2021-10-12 09:11:56 INFO c.q.tis.extension.PluginManager:341- Ignoring /opt/data/tis/libs/plugins/tis-datax-ftp-plugin.tpi because /opt/data/tis/libs/plugins/tis-datax-ftp-plugin.tpi is already loaded
2021-10-12 09:11:56 INFO c.q.t.e.init.InitReactorRunner:85- Attained Inspecting plugin /opt/data/tis/libs/plugins/tis-datax-ftp-plugin.tpi
2021-10-12 09:11:56 INFO c.q.tis.extension.PluginManager:341- Ignoring /opt/data/tis/libs/plugins/tis-kafka-plugin.tpi because /opt/data/tis/libs/plugins/tis-kafka-plugin.tpi is already loaded
2021-10-12 09:11:56 INFO c.q.t.e.init.InitReactorRunner:85- Attained Inspecting plugin /opt/data/tis/libs/plugins/tis-kafka-plugin.tpi
2021-10-12 09:11:56 INFO c.q.tis.extension.PluginManager:341- Ignoring /opt/data/tis/libs/plugins/tis-asyncmsg-rocketmq-plugin.tpi because /opt/data/tis/libs/plugins/tis-asyncmsg-rocketmq-plugin.tpi is already loaded
2021-10-12 09:11:56 INFO c.q.t.e.init.InitReactorRunner:85- Attained Inspecting plugin /opt/data/tis/libs/plugins/tis-asyncmsg-rocketmq-plugin.tpi
2021-10-12 09:11:56 INFO c.q.tis.extension.PluginManager:341- Ignoring /opt/data/tis/libs/plugins/tis-datax-sqlserver-plugin.tpi because /opt/data/tis/libs/plugins/tis-datax-sqlserver-plugin.tpi is already loaded
2021-10-12 09:11:56 INFO c.q.t.e.init.InitReactorRunner:85- Attained Inspecting plugin /opt/data/tis/libs/plugins/tis-datax-sqlserver-plugin.tpi
2021-10-12 09:11:56 INFO c.q.tis.extension.PluginManager:341- Ignoring /opt/data/tis/libs/plugins/tis-datax-doris-plugin.tpi because /opt/data/tis/libs/plugins/tis-datax-doris-plugin.tpi is already loaded
2021-10-12 09:11:56 INFO c.q.t.e.init.InitReactorRunner:85- Attained Inspecting plugin /opt/data/tis/libs/plugins/tis-datax-doris-plugin.tpi
2021-10-12 09:11:56 INFO c.q.tis.extension.PluginManager:341- Ignoring /opt/data/tis/libs/plugins/tis-datax-common-plugin.tpi because /opt/data/tis/libs/plugins/tis-datax-common-plugin.tpi is already loaded
2021-10-12 09:11:56 INFO c.q.t.e.init.InitReactorRunner:85- Attained Inspecting plugin /opt/data/tis/libs/plugins/tis-datax-common-plugin.tpi
2021-10-12 09:11:56 INFO c.q.tis.extension.PluginManager:341- Ignoring /opt/data/tis/libs/plugins/tis-solr-plugin.tpi because /opt/data/tis/libs/plugins/tis-solr-plugin.tpi is already loaded
2021-10-12 09:11:56 INFO c.q.t.e.init.InitReactorRunner:85- Attained Inspecting plugin /opt/data/tis/libs/plugins/tis-solr-plugin.tpi
2021-10-12 09:11:56 INFO c.q.tis.extension.PluginManager:341- Ignoring /opt/data/tis/libs/plugins/tis-ds-tidb-plugin.tpi because /opt/data/tis/libs/plugins/tis-ds-tidb-plugin.tpi is already loaded
2021-10-12 09:11:56 INFO c.q.t.e.init.InitReactorRunner:85- Attained Inspecting plugin /opt/data/tis/libs/plugins/tis-ds-tidb-plugin.tpi
2021-10-12 09:11:56 INFO c.q.tis.extension.PluginManager:341- Ignoring /opt/data/tis/libs/plugins/tis-datax-postgresql-plugin.tpi because /opt/data/tis/libs/plugins/tis-datax-postgresql-plugin.tpi is already loaded
2021-10-12 09:11:56 INFO c.q.t.e.init.InitReactorRunner:85- Attained Inspecting plugin /opt/data/tis/libs/plugins/tis-datax-postgresql-plugin.tpi
2021-10-12 09:11:56 INFO c.q.tis.extension.PluginManager:341- Ignoring /opt/data/tis/libs/plugins/tis-hive-flat-table-builder-plugin.tpi because /opt/data/tis/libs/plugins/tis-hive-flat-table-builder-plugin.tpi is already loaded
2021-10-12 09:11:56 INFO c.q.t.e.init.InitReactorRunner:85- Attained Inspecting plugin /opt/data/tis/libs/plugins/tis-hive-flat-table-builder-plugin.tpi
2021-10-12 09:11:56 INFO c.q.tis.extension.PluginManager:341- Ignoring /opt/data/tis/libs/plugins/tis-local-dump-build.tpi because /opt/data/tis/libs/plugins/tis-local-dump-build.tpi is already loaded
2021-10-12 09:11:56 INFO c.q.t.e.init.InitReactorRunner:85- Attained Inspecting plugin /opt/data/tis/libs/plugins/tis-local-dump-build.tpi
2021-10-12 09:11:56 INFO c.q.tis.extension.PluginManager:341- Ignoring /opt/data/tis/libs/plugins/tis-datax-mongodb-plugin.tpi because /opt/data/tis/libs/plugins/tis-datax-mongodb-plugin.tpi is already loaded
2021-10-12 09:11:56 INFO c.q.t.e.init.InitReactorRunner:85- Attained Inspecting plugin /opt/data/tis/libs/plugins/tis-datax-mongodb-plugin.tpi
2021-10-12 09:11:56 INFO c.q.tis.extension.PluginManager:341- Ignoring /opt/data/tis/libs/plugins/tis-datax-oracle-plugin.tpi because /opt/data/tis/libs/plugins/tis-datax-oracle-plugin.tpi is already loaded
2021-10-12 09:11:56 INFO c.q.t.e.init.InitReactorRunner:85- Attained Inspecting plugin /opt/data/tis/libs/plugins/tis-datax-oracle-plugin.tpi
2021-10-12 09:11:56 INFO c.q.tis.extension.PluginManager:341- Ignoring /opt/data/tis/libs/plugins/tis-elasticsearch7-sink-plugin.tpi because /opt/data/tis/libs/plugins/tis-elasticsearch7-sink-plugin.tpi is already loaded
2021-10-12 09:11:56 INFO c.q.t.e.init.InitReactorRunner:85- Attained Inspecting plugin /opt/data/tis/libs/plugins/tis-elasticsearch7-sink-plugin.tpi
2021-10-12 09:11:56 INFO c.q.tis.extension.PluginManager:341- Ignoring /opt/data/tis/libs/plugins/tis-ds-mysql-v8-plugin.tpi because /opt/data/tis/libs/plugins/tis-ds-mysql-v8-plugin.tpi is already loaded
2021-10-12 09:11:56 INFO c.q.t.e.init.InitReactorRunner:85- Attained Inspecting plugin /opt/data/tis/libs/plugins/tis-ds-mysql-v8-plugin.tpi
2021-10-12 09:11:56 INFO c.q.tis.extension.PluginManager:341- Ignoring /opt/data/tis/libs/plugins/tis-k8s-plugin.tpi because /opt/data/tis/libs/plugins/tis-k8s-plugin.tpi is already loaded
2021-10-12 09:11:56 INFO c.q.t.e.init.InitReactorRunner:85- Attained Inspecting plugin /opt/data/tis/libs/plugins/tis-k8s-plugin.tpi
2021-10-12 09:11:56 INFO c.q.tis.extension.PluginManager:341- Ignoring /opt/data/tis/libs/plugins/tis-datax-elasticsearch-plugin.tpi because /opt/data/tis/libs/plugins/tis-datax-elasticsearch-plugin.tpi is already loaded
2021-10-12 09:11:56 INFO c.q.t.e.init.InitReactorRunner:85- Attained Inspecting plugin /opt/data/tis/libs/plugins/tis-datax-elasticsearch-plugin.tpi
2021-10-12 09:11:56 INFO c.q.tis.extension.PluginManager:341- Ignoring /opt/data/tis/libs/plugins/tis-datax-oss-plugin.tpi because /opt/data/tis/libs/plugins/tis-datax-oss-plugin.tpi is already loaded
2021-10-12 09:11:56 INFO c.q.t.e.init.InitReactorRunner:85- Attained Inspecting plugin /opt/data/tis/libs/plugins/tis-datax-oss-plugin.tpi
2021-10-12 09:11:56 INFO c.q.tis.extension.PluginManager:341- Ignoring /opt/data/tis/libs/plugins/tis-datax-cassandra-plugin.tpi because /opt/data/tis/libs/plugins/tis-datax-cassandra-plugin.tpi is already loaded
2021-10-12 09:11:56 INFO c.q.t.e.init.InitReactorRunner:85- Attained Inspecting plugin /opt/data/tis/libs/plugins/tis-datax-cassandra-plugin.tpi
2021-10-12 09:11:56 INFO c.q.tis.extension.PluginManager:341- Ignoring /opt/data/tis/libs/plugins/tis-ds-mysql-v5-plugin.tpi because /opt/data/tis/libs/plugins/tis-ds-mysql-v5-plugin.tpi is already loaded
2021-10-12 09:11:56 INFO c.q.t.e.init.InitReactorRunner:85- Attained Inspecting plugin /opt/data/tis/libs/plugins/tis-ds-mysql-v5-plugin.tpi
2021-10-12 09:11:56 INFO c.q.tis.extension.PluginManager:341- Ignoring /opt/data/tis/libs/plugins/tis-datax-clickhouse-plugin.tpi because /opt/data/tis/libs/plugins/tis-datax-clickhouse-plugin.tpi is already loaded
2021-10-12 09:11:56 INFO c.q.t.e.init.InitReactorRunner:85- Attained Inspecting plugin /opt/data/tis/libs/plugins/tis-datax-clickhouse-plugin.tpi
2021-10-12 09:11:56 INFO c.q.tis.extension.PluginManager:341- Ignoring /opt/data/tis/libs/plugins/tis-flink-cdc-plugin.tpi because /opt/data/tis/libs/plugins/tis-flink-cdc-plugin.tpi is already loaded
2021-10-12 09:11:56 INFO c.q.t.e.init.InitReactorRunner:85- Attained Inspecting plugin /opt/data/tis/libs/plugins/tis-flink-cdc-plugin.tpi
2021-10-12 09:11:56 INFO c.q.t.e.i.ClassicPluginStrategy:404- start to explode archive:/opt/data/tis/libs/plugins/tis-realtime-flink.tpi
2021-10-12 09:11:56 ERROR c.q.t.e.init.InitReactorRunner:74- Failed Inspecting plugin /opt/data/tis/libs/plugins/tis-realtime-flink.tpi
java.io.IOException: Failed to expand /opt/data/tis/libs/plugins/tis-realtime-flink.tpi
	at com.qlangtech.tis.extension.impl.ClassicPluginStrategy.explode(ClassicPluginStrategy.java:412) ~[tis-plugin-3.0.0.jar:na]
	at com.qlangtech.tis.extension.impl.ClassicPluginStrategy.createPluginWrapper(ClassicPluginStrategy.java:144) ~[tis-plugin-3.0.0.jar:na]
	at com.qlangtech.tis.extension.PluginManager$3$2$1.run(PluginManager.java:323) ~[tis-plugin-3.0.0.jar:na]
	at org.jvnet.hudson.reactor.TaskGraphBuilder$TaskImpl.run(TaskGraphBuilder.java:169) ~[task-reactor-1.5.jar:na]
	at org.jvnet.hudson.reactor.Reactor.runTask(Reactor.java:296) ~[task-reactor-1.5.jar:na]
	at com.qlangtech.tis.TIS$6.runTask(TIS.java:370) ~[tis-plugin-3.0.0.jar:na]
	at org.jvnet.hudson.reactor.Reactor$2.run(Reactor.java:214) ~[task-reactor-1.5.jar:na]
	at org.jvnet.hudson.reactor.Reactor$Node.run(Reactor.java:117) ~[task-reactor-1.5.jar:na]
	at java.util.concurrent.ThreadPoolExecutor.runWorker(ThreadPoolExecutor.java:1149) ~[na:1.8.0_181]
	at java.util.concurrent.ThreadPoolExecutor$Worker.run(ThreadPoolExecutor.java:624) ~[na:1.8.0_181]
	at java.lang.Thread.run(Thread.java:748) ~[na:1.8.0_181]
Caused by: org.apache.tools.ant.BuildException: src '/opt/data/tis/libs/plugins/tis-realtime-flink.tpi' doesn't exist.
	at org.apache.tools.ant.taskdefs.Expand.execute(Expand.java:148) ~[ant-1.9.15.jar:na]
	at com.qlangtech.tis.extension.impl.ClassicPluginStrategy.unzipExceptClasses(ClassicPluginStrategy.java:482) ~[tis-plugin-3.0.0.jar:na]
	at com.qlangtech.tis.extension.impl.ClassicPluginStrategy.explode(ClassicPluginStrategy.java:409) ~[tis-plugin-3.0.0.jar:na]
	... 10 common frames omitted
2021-10-12 09:11:56 INFO c.q.t.e.init.InitReactorRunner:85- Attained Inspecting plugin /opt/data/tis/libs/plugins/tis-realtime-flink.tpi
2021-10-12 09:11:56 INFO c.q.tis.extension.PluginManager:341- Ignoring /opt/data/tis/libs/plugins/tis-datax-common-rdbms-plugin.tpi because /opt/data/tis/libs/plugins/tis-datax-common-rdbms-plugin.tpi is already loaded
2021-10-12 09:11:56 INFO c.q.t.e.init.InitReactorRunner:85- Attained Inspecting plugin /opt/data/tis/libs/plugins/tis-datax-common-rdbms-plugin.tpi
2021-10-12 09:11:56 INFO c.q.t.e.init.InitReactorRunner:85- Attained Checking cyclic dependencies
2021-10-12 09:11:56 INFO c.q.t.e.init.InitReactorRunner:85- Listed all plugins
2021-10-12 09:11:56 INFO c.q.t.e.init.InitReactorRunner:85- Attained Loading plugins
2021-10-12 09:11:56 INFO c.q.t.e.init.InitReactorRunner:85- Attained null
2021-10-12 09:11:56 INFO c.q.t.e.init.InitReactorRunner:85- Attained null
2021-10-12 09:11:56 INFO c.q.t.e.init.InitReactorRunner:85- Attained Loading plugin tis-aliyun-hdfs-plugin
2021-10-12 09:11:56 INFO c.q.t.e.init.InitReactorRunner:85- Attained Loading plugin tis-datax-common-plugin
2021-10-12 09:11:56 INFO c.q.t.e.init.InitReactorRunner:85- Attained Loading plugin tis-datax-common-rdbms-plugin
2021-10-12 09:11:56 INFO c.q.t.e.init.InitReactorRunner:85- Attained Loading plugin tis-ds-mysql-plugin
2021-10-12 09:11:56 INFO c.q.t.e.init.InitReactorRunner:85- Attained Loading plugin tis-datax-ftp-plugin
2021-10-12 09:11:56 INFO c.q.t.e.init.InitReactorRunner:85- Attained Loading plugin tis-kafka-plugin
2021-10-12 09:11:56 INFO c.q.t.e.init.InitReactorRunner:85- Attained Loading plugin tis-asyncmsg-rocketmq-plugin
2021-10-12 09:11:56 INFO c.q.t.e.init.InitReactorRunner:85- Attained Loading plugin tis-datax-sqlserver-plugin
2021-10-12 09:11:56 INFO c.q.t.e.init.InitReactorRunner:85- Attained Loading plugin tis-datax-doris-plugin
2021-10-12 09:11:56 INFO c.q.t.e.init.InitReactorRunner:85- Attained Loading plugin tis-solr-plugin
2021-10-12 09:11:56 INFO c.q.t.e.init.InitReactorRunner:85- Attained Loading plugin tis-ds-tidb-plugin
2021-10-12 09:11:56 INFO c.q.t.e.init.InitReactorRunner:85- Attained Loading plugin tis-datax-postgresql-plugin
2021-10-12 09:11:56 INFO c.q.t.e.init.InitReactorRunner:85- Attained Loading plugin tis-hive-flat-table-builder-plugin
2021-10-12 09:11:56 INFO c.q.t.e.init.InitReactorRunner:85- Attained Loading plugin tis-local-dump-build
2021-10-12 09:11:56 INFO c.q.t.e.init.InitReactorRunner:85- Attained Loading plugin tis-datax-mongodb-plugin
2021-10-12 09:11:56 INFO c.q.t.e.init.InitReactorRunner:85- Attained Loading plugin tis-datax-oracle-plugin
2021-10-12 09:11:56 INFO c.q.t.e.init.InitReactorRunner:85- Attained Loading plugin tis-datax-elasticsearch-plugin
2021-10-12 09:11:56 INFO c.q.t.e.init.InitReactorRunner:85- Attained Loading plugin tis-elasticsearch7-sink-plugin
2021-10-12 09:11:56 INFO c.q.t.e.init.InitReactorRunner:85- Attained Loading plugin tis-ds-mysql-v8-plugin
2021-10-12 09:11:56 INFO c.q.t.e.init.InitReactorRunner:85- Attained Loading plugin tis-k8s-plugin
2021-10-12 09:11:56 INFO c.q.t.e.init.InitReactorRunner:85- Attained Loading plugin tis-datax-oss-plugin
2021-10-12 09:11:56 INFO c.q.t.e.init.InitReactorRunner:85- Attained Loading plugin tis-datax-cassandra-plugin
2021-10-12 09:11:56 INFO c.q.t.e.init.InitReactorRunner:85- Attained Loading plugin tis-ds-mysql-v5-plugin
2021-10-12 09:11:56 INFO c.q.t.e.init.InitReactorRunner:85- Attained Loading plugin tis-datax-clickhouse-plugin
2021-10-12 09:11:56 INFO c.q.t.e.init.InitReactorRunner:85- Prepared all plugins
2021-10-12 09:11:56 INFO c.q.t.e.init.InitReactorRunner:85- Attained Loading plugin tis-flink-cdc-plugin
2021-10-12 09:11:56 INFO c.q.t.e.init.InitReactorRunner:85- Attained Resolving Dependant Plugins Graph
2021-10-12 09:11:56 INFO c.q.t.e.init.InitReactorRunner:85- Attained null
2021-10-12 09:11:56 INFO c.q.t.e.init.InitReactorRunner:85- Attained null
2021-10-12 09:11:56 INFO c.q.t.e.init.InitReactorRunner:85- Attained Initializing plugin tis-aliyun-hdfs-plugin
2021-10-12 09:11:56 INFO c.q.t.e.init.InitReactorRunner:85- Attained Initializing plugin tis-datax-common-plugin
2021-10-12 09:11:56 INFO c.q.t.e.init.InitReactorRunner:85- Attained Initializing plugin tis-datax-common-rdbms-plugin
2021-10-12 09:11:56 INFO c.q.t.e.init.InitReactorRunner:85- Attained Initializing plugin tis-ds-mysql-plugin
2021-10-12 09:11:56 INFO c.q.t.e.init.InitReactorRunner:85- Attained Initializing plugin tis-datax-ftp-plugin
2021-10-12 09:11:56 INFO c.q.t.e.init.InitReactorRunner:85- Attained Initializing plugin tis-kafka-plugin
2021-10-12 09:11:56 INFO c.q.t.e.init.InitReactorRunner:85- Attained Initializing plugin tis-asyncmsg-rocketmq-plugin
2021-10-12 09:11:56 INFO c.q.t.e.init.InitReactorRunner:85- Attained Initializing plugin tis-datax-sqlserver-plugin
2021-10-12 09:11:56 INFO c.q.t.e.init.InitReactorRunner:85- Attained Initializing plugin tis-datax-doris-plugin
2021-10-12 09:11:56 INFO c.q.t.e.init.InitReactorRunner:85- Attained Initializing plugin tis-solr-plugin
2021-10-12 09:11:56 INFO c.q.t.e.init.InitReactorRunner:85- Attained Initializing plugin tis-ds-tidb-plugin
2021-10-12 09:11:56 INFO c.q.t.e.init.InitReactorRunner:85- Attained Initializing plugin tis-datax-postgresql-plugin
2021-10-12 09:11:56 INFO c.q.t.e.init.InitReactorRunner:85- Attained Initializing plugin tis-hive-flat-table-builder-plugin
2021-10-12 09:11:56 INFO c.q.t.e.init.InitReactorRunner:85- Attained Initializing plugin tis-local-dump-build
2021-10-12 09:11:56 INFO c.q.t.e.init.InitReactorRunner:85- Attained Initializing plugin tis-datax-mongodb-plugin
2021-10-12 09:11:56 INFO c.q.t.e.init.InitReactorRunner:85- Attained Initializing plugin tis-datax-oracle-plugin
2021-10-12 09:11:56 INFO c.q.t.e.init.InitReactorRunner:85- Attained Initializing plugin tis-datax-elasticsearch-plugin
2021-10-12 09:11:56 INFO c.q.t.e.init.InitReactorRunner:85- Attained Initializing plugin tis-elasticsearch7-sink-plugin
2021-10-12 09:11:56 INFO c.q.t.e.init.InitReactorRunner:85- Attained Initializing plugin tis-ds-mysql-v8-plugin
2021-10-12 09:11:56 INFO c.q.t.e.init.InitReactorRunner:85- Attained Initializing plugin tis-k8s-plugin
2021-10-12 09:11:56 INFO c.q.t.e.init.InitReactorRunner:85- Attained Initializing plugin tis-datax-oss-plugin
2021-10-12 09:11:56 INFO c.q.t.e.init.InitReactorRunner:85- Attained Initializing plugin tis-datax-cassandra-plugin
2021-10-12 09:11:56 INFO c.q.t.e.init.InitReactorRunner:85- Attained Initializing plugin tis-ds-mysql-v5-plugin
2021-10-12 09:11:56 INFO c.q.t.e.init.InitReactorRunner:85- Attained Initializing plugin tis-datax-clickhouse-plugin
2021-10-12 09:11:56 INFO c.q.t.e.init.InitReactorRunner:85- Attained Initializing plugin tis-flink-cdc-plugin
2021-10-12 09:11:56 INFO c.q.t.e.init.InitReactorRunner:85- Started all plugins
2021-10-12 09:11:56 INFO c.q.t.e.init.InitReactorRunner:85- Attained Load updateCenter
2021-10-12 09:11:56 INFO c.q.t.e.init.InitReactorRunner:85- Attained null
2021-10-12 09:11:56 INFO c.q.t.e.init.InitReactorRunner:85- Attained null
2021-10-12 09:11:56 INFO c.q.t.e.init.InitReactorRunner:85- Completed initialization
2021-10-12 09:11:56 INFO com.qlangtech.tis.TIS:314- tis plugin have been initialized,consume:4139ms.
2021-10-12 09:11:56 INFO c.q.tis.plugin.ComponentMeta:132- download plugin from remote repository:
2021-10-12 09:11:57 INFO c.q.tis.plugin.ComponentMeta:132- download plugin from remote repository:
2021-10-12 09:11:57 INFO c.q.tis.plugin.ComponentMeta:132- download plugin from remote repository:
2021-10-12 09:11:57 INFO c.q.tis.plugin.ComponentMeta:132- download plugin from remote repository:
2021-10-12 09:11:57 INFO c.q.t.e.i.ClassicPluginStrategy:275- Scout-loading ExtensionList: class com.qlangtech.tis.extension.Descriptor
2021-10-12 09:11:57 INFO c.q.tis.plugin.ComponentMeta:132- download plugin from remote repository:
2021-10-12 09:11:57 INFO c.q.tis.plugin.ComponentMeta:132- download plugin from remote repository:
